Flow report for sum
Wed Oct 13 20:37:45 2021
Quartus II 64-Bit Version 13.0.1 Build 232 06/12/2013 Service Pack 1 SJ Web Edition


---------------------
; Table of Contents ;
---------------------
  1. Legal Notice
  2. Flow Summary
  3. Flow Settings
  4. Flow Non-Default Global Settings
  5. Flow Elapsed Time
  6. Flow OS Summary
  7. Flow Log
  8. Flow Messages
  9. Flow Suppressed Messages



----------------
; Legal Notice ;
----------------
Copyright (C) 1991-2013 Altera Corporation
Your use of Altera Corporation's design tools, logic functions 
and other software and tools, and its AMPP partner logic 
functions, and any output files from any of the foregoing 
(including device programming or simulation files), and any 
associated documentation or information are expressly subject 
to the terms and conditions of the Altera Program License 
Subscription Agreement, Altera MegaCore Function License 
Agreement, or other applicable license agreement, including, 
without limitation, that your use is for the sole purpose of 
programming logic devices manufactured by Altera and sold by 
Altera or its authorized distributors.  Please refer to the 
applicable agreement for further details.



+--------------------------------------------------------------------------------------+
; Flow Summary                                                                         ;
+------------------------------------+-------------------------------------------------+
; Flow Status                        ; Successful - Wed Oct 13 20:37:45 2021           ;
; Quartus II 64-Bit Version          ; 13.0.1 Build 232 06/12/2013 SP 1 SJ Web Edition ;
; Revision Name                      ; sum                                             ;
; Top-level Entity Name              ; sum_top                                         ;
; Family                             ; Cyclone II                                      ;
; Device                             ; EP2C35F672C6                                    ;
; Timing Models                      ; Final                                           ;
; Total logic elements               ; 2 / 33,216 ( < 1 % )                            ;
;     Total combinational functions  ; 2 / 33,216 ( < 1 % )                            ;
;     Dedicated logic registers      ; 0 / 33,216 ( 0 % )                              ;
; Total registers                    ; 0                                               ;
; Total pins                         ; 5 / 475 ( 1 % )                                 ;
; Total virtual pins                 ; 0                                               ;
; Total memory bits                  ; 0 / 483,840 ( 0 % )                             ;
; Embedded Multiplier 9-bit elements ; 0 / 70 ( 0 % )                                  ;
; Total PLLs                         ; 0 / 4 ( 0 % )                                   ;
+------------------------------------+-------------------------------------------------+


+-----------------------------------------+
; Flow Settings                           ;
+-------------------+---------------------+
; Option            ; Setting             ;
+-------------------+---------------------+
; Start date & time ; 10/13/2021 20:37:33 ;
; Main task         ; Compilation         ;
; Revision Name     ; sum                 ;
+-------------------+---------------------+


+-----------------------------------------------------------------------------------------------------------------------------------+
; Flow Non-Default Global Settings                                                                                                  ;
+---------------------------------------------------+--------------------------------+---------------+-------------+----------------+
; Assignment Name                                   ; Value                          ; Default Value ; Entity Name ; Section Id     ;
+---------------------------------------------------+--------------------------------+---------------+-------------+----------------+
; COMPILER_SIGNATURE_ID                             ; 62488682138860.163414665211992 ; --            ; --          ; --             ;
; EDA_DESIGN_INSTANCE_NAME                          ; NA                             ; --            ; --          ; calc_tb        ;
; EDA_EXTRA_ELAB_OPTION                             ; ""                             ; --            ; --          ; eda_simulation ;
; EDA_GENERATE_GATE_LEVEL_SIMULATION_COMMAND_SCRIPT ; Off                            ; --            ; --          ; eda_simulation ;
; EDA_MAINTAIN_DESIGN_HIERARCHY                     ; Off                            ; --            ; --          ; eda_simulation ;
; EDA_NATIVELINK_SIMULATION_TEST_BENCH              ; calc_tb                        ; --            ; --          ; eda_simulation ;
; EDA_OUTPUT_DATA_FORMAT                            ; Vhdl                           ; --            ; --          ; eda_simulation ;
; EDA_SIMULATION_TOOL                               ; Active-HDL (VHDL)              ; <None>        ; --          ; --             ;
; EDA_TEST_BENCH_ENABLE_STATUS                      ; TEST_BENCH_MODE                ; --            ; --          ; eda_simulation ;
; EDA_TEST_BENCH_FILE                               ; tb/calc_tb.vhd                 ; --            ; --          ; calc_tb        ;
; EDA_TEST_BENCH_MODULE_NAME                        ; calc_tb                        ; --            ; --          ; calc_tb        ;
; EDA_TEST_BENCH_NAME                               ; calc_tb                        ; --            ; --          ; eda_simulation ;
; EDA_TIME_SCALE                                    ; 1 ps                           ; --            ; --          ; eda_simulation ;
; MAX_CORE_JUNCTION_TEMP                            ; 85                             ; --            ; --          ; --             ;
; MIN_CORE_JUNCTION_TEMP                            ; 0                              ; --            ; --          ; --             ;
; PARTITION_COLOR                                   ; 16764057                       ; --            ; sum_top     ; Top            ;
; PARTITION_FITTER_PRESERVATION_LEVEL               ; PLACEMENT_AND_ROUTING          ; --            ; sum_top     ; Top            ;
; PARTITION_NETLIST_TYPE                            ; SOURCE                         ; --            ; sum_top     ; Top            ;
; PROJECT_OUTPUT_DIRECTORY                          ; output_files                   ; --            ; --          ; --             ;
; TOP_LEVEL_ENTITY                                  ; sum_top                        ; sum           ; --          ; --             ;
; VHDL_INPUT_VERSION                                ; VHDL_2008                      ; VHDL_1993     ; --          ; --             ;
; VHDL_SHOW_LMF_MAPPING_MESSAGES                    ; Off                            ; --            ; --          ; --             ;
+---------------------------------------------------+--------------------------------+---------------+-------------+----------------+


+-------------------------------------------------------------------------------------------------------------------------------+
; Flow Elapsed Time                                                                                                             ;
+---------------------------+--------------+-------------------------+---------------------+------------------------------------+
; Module Name               ; Elapsed Time ; Average Processors Used ; Peak Virtual Memory ; Total CPU Time (on all processors) ;
+---------------------------+--------------+-------------------------+---------------------+------------------------------------+
; Analysis & Synthesis      ; 00:00:01     ; 1.0                     ; 4645 MB             ; 00:00:01                           ;
; Fitter                    ; 00:00:05     ; 1.0                     ; 4870 MB             ; 00:00:05                           ;
; Assembler                 ; 00:00:02     ; 1.0                     ; 4551 MB             ; 00:00:02                           ;
; TimeQuest Timing Analyzer ; 00:00:01     ; 1.0                     ; 4535 MB             ; 00:00:01                           ;
; EDA Netlist Writer        ; 00:00:00     ; 1.0                     ; 4507 MB             ; 00:00:00                           ;
; Total                     ; 00:00:09     ; --                      ; --                  ; 00:00:09                           ;
+---------------------------+--------------+-------------------------+---------------------+------------------------------------+


+----------------------------------------------------------------------------------------+
; Flow OS Summary                                                                        ;
+---------------------------+------------------+-----------+------------+----------------+
; Module Name               ; Machine Hostname ; OS Name   ; OS Version ; Processor type ;
+---------------------------+------------------+-----------+------------+----------------+
; Analysis & Synthesis      ; sm-519-winpc02   ; Windows 7 ; 6.2        ; x86_64         ;
; Fitter                    ; sm-519-winpc02   ; Windows 7 ; 6.2        ; x86_64         ;
; Assembler                 ; sm-519-winpc02   ; Windows 7 ; 6.2        ; x86_64         ;
; TimeQuest Timing Analyzer ; sm-519-winpc02   ; Windows 7 ; 6.2        ; x86_64         ;
; EDA Netlist Writer        ; sm-519-winpc02   ; Windows 7 ; 6.2        ; x86_64         ;
+---------------------------+------------------+-----------+------------+----------------+


------------
; Flow Log ;
------------
quartus_map --read_settings_files=on --write_settings_files=off sum -c sum
quartus_fit --read_settings_files=off --write_settings_files=off sum -c sum
quartus_asm --read_settings_files=off --write_settings_files=off sum -c sum
quartus_sta sum -c sum
quartus_eda --read_settings_files=off --write_settings_files=off sum -c sum



