Info: Start Nativelink Simulation process

========= EDA Simulation Settings =====================

Sim Mode              :  Gate
Family                :  cycloneii
Quartus root          :  c:/altera/13.0sp1/quartus/bin64/
Quartus sim root      :  c:/altera/13.0sp1/quartus/eda/sim_lib
Simulation Tool       :  active-hdl
Simulation Language   :  vhdl
Version               :  93
Simulation Mode       :  GUI
Sim Output File       :  lr3.vho
Sim SDF File       :  lr3_vhd.sdo
Sim dir               :  simulation\activehdl

=======================================================

Info: Starting NativeLink simulation with Active-HDL software
Sourced NativeLink script c:/altera/13.0sp1/quartus/common/tcl/internal/nativelink/active-hdl.tcl
Warning: File lr3_sim_gate_vhdl.do already exists - backing up current file as lr3_sim_gate_vhdl.do.bak1
Probing asim_log
Active-HDL Info: createdesign lr3 D:/DE2/lr/simulation/activehdl
Active-HDL Info: # Design lr3 created
Active-HDL Info: opendesign -a lr3.adf
Active-HDL Info: # Design: Creating new workspace file: "D:\DE2\lr\simulation\activehdl\lr3\lr3.aws"
Active-HDL Info: # Design: 19:31, 4 декабря 2020 г.
Active-HDL Info: # Design: Opening design "D:\DE2\lr\simulation\activehdl\lr3\lr3.adf"
Active-HDL Info: waveformmode ASDB
Active-HDL Info: alib  vhdl_libs/cycloneii_vhdl
Active-HDL Info: # Library Manager: Library "cycloneii_vhdl" attached.
Active-HDL Info: amap cycloneii vhdl_libs/cycloneii_vhdl
Active-HDL Info: # Library Manager: Library "cycloneii" attached.
Active-HDL Info: acom -strict93 -dbg -work cycloneii c:/altera/13.0sp1/quartus/eda/sim_lib/cycloneii_atoms.vhd
Active-HDL Info: # File: c:/altera/13.0sp1/quartus/eda/sim_lib/cycloneii_atoms.vhd
Active-HDL Info: # Compile Package "cycloneii_atom_pack"
Active-HDL Info: # Compile Package Body "cycloneii_atom_pack"
Active-HDL Info: # Compile Package "cycloneii_pllpack"
Active-HDL Info: # Compile Package Body "cycloneii_pllpack"
Active-HDL Info: # Compile Entity "cycloneii_dffe"
Active-HDL Info: # Compile Architecture "behave" of Entity "cycloneii_dffe"
Active-HDL Info: # Compile Entity "cycloneii_mux21"
Active-HDL Info: # Compile Architecture "AltVITAL" of Entity "cycloneii_mux21"
Active-HDL Info: # Compile Entity "cycloneii_mux41"
Active-HDL Info: # Compile Architecture "AltVITAL" of Entity "cycloneii_mux41"
Active-HDL Info: # Compile Entity "cycloneii_and1"
Active-HDL Info: # Compile Architecture "AltVITAL" of Entity "cycloneii_and1"
Active-HDL Info: # Compile Entity "cycloneii_ram_register"
Active-HDL Info: # Compile Architecture "reg_arch" of Entity "cycloneii_ram_register"
Active-HDL Info: # Compile Entity "cycloneii_ram_pulse_generator"
Active-HDL Info: # Compile Architecture "pgen_arch" of Entity "cycloneii_ram_pulse_generator"
Active-HDL Info: # Compile Entity "cycloneii_ram_block"
Active-HDL Info: # Compile Architecture "block_arch" of Entity "cycloneii_ram_block"
Active-HDL Warning: # Warning: ELBWRITE_0030: c:/altera/13.0sp1/quartus/eda/sim_lib/cycloneii_atoms.vhd : (2544, 0): Non resolved signal "mem_invalidate" may have multiple sources.
Active-HDL Warning: # Warning: ELBWRITE_0030: c:/altera/13.0sp1/quartus/eda/sim_lib/cycloneii_atoms.vhd : (2546, 0): Non resolved signal "read_latch_invalidate" may have multiple sources.
Active-HDL Warning: # Warning: ELBWRITE_0030: c:/altera/13.0sp1/quartus/eda/sim_lib/cycloneii_atoms.vhd : (2552, 0): Non resolved signal "mem_invalidate_loc" may have multiple sources.
Active-HDL Warning: # Warning: ELBWRITE_0030: c:/altera/13.0sp1/quartus/eda/sim_lib/cycloneii_atoms.vhd : (2553, 0): Non resolved signal "read_latch_invalidate" may have multiple sources.
Active-HDL Info: # Compile Entity "cycloneii_jtag"
Active-HDL Info: # Compile Architecture "architecture_jtag" of Entity "cycloneii_jtag"
Active-HDL Info: # Compile Entity "cycloneii_crcblock"
Active-HDL Info: # Compile Architecture "architecture_crcblock" of Entity "cycloneii_crcblock"
Active-HDL Info: # Compile Entity "cycloneii_asmiblock"
Active-HDL Info: # Compile Architecture "architecture_asmiblock" of Entity "cycloneii_asmiblock"
Active-HDL Warning: # Warning: DAGGEN_0002: c:/altera/13.0sp1/quartus/eda/sim_lib/cycloneii_atoms.vhd : (2701, 0): Process has no effect - no sequential statements.
Active-HDL Info: # Compile Entity "cycloneii_m_cntr"
Active-HDL Info: # Compile Architecture "behave" of Entity "cycloneii_m_cntr"
Active-HDL Info: # Compile Entity "cycloneii_n_cntr"
Active-HDL Info: # Compile Architecture "behave" of Entity "cycloneii_n_cntr"
Active-HDL Info: # Compile Entity "cycloneii_scale_cntr"
Active-HDL Info: # Compile Architecture "behave" of Entity "cycloneii_scale_cntr"
Active-HDL Info: # Compile Entity "cycloneii_pll_reg"
Active-HDL Info: # Compile Architecture "behave" of Entity "cycloneii_pll_reg"
Active-HDL Info: # Compile Entity "cycloneii_pll"
Active-HDL Info: # Compile Architecture "vital_pll" of Entity "cycloneii_pll"
Active-HDL Info: # Compile Entity "cycloneii_routing_wire"
Active-HDL Info: # Compile Architecture "behave" of Entity "cycloneii_routing_wire"
Active-HDL Info: # Compile Entity "cycloneii_lcell_ff"
Active-HDL Info: # Compile Architecture "vital_lcell_ff" of Entity "cycloneii_lcell_ff"
Active-HDL Info: # Compile Entity "cycloneii_lcell_comb"
Active-HDL Info: # Compile Architecture "vital_lcell_comb" of Entity "cycloneii_lcell_comb"
Active-HDL Info: # Compile Entity "cycloneii_asynch_io"
Active-HDL Info: # Compile Architecture "behave" of Entity "cycloneii_asynch_io"
Active-HDL Info: # Compile Entity "cycloneii_io"
Active-HDL Info: # Compile Architecture "structure" of Entity "cycloneii_io"
Active-HDL Info: # Compile Entity "cycloneii_clk_delay_ctrl"
Active-HDL Info: # Compile Architecture "vital_clk_delay_ctrl" of Entity "cycloneii_clk_delay_ctrl"
Active-HDL Info: # Compile Entity "cycloneii_clk_delay_cal_ctrl"
Active-HDL Info: # Compile Architecture "vital_clk_delay_cal_ctrl" of Entity "cycloneii_clk_delay_cal_ctrl"
Active-HDL Info: # Compile Entity "cycloneii_mac_data_reg"
Active-HDL Info: # Compile Architecture "vital_cycloneii_mac_data_reg" of Entity "cycloneii_mac_data_reg"
Active-HDL Info: # Compile Entity "cycloneii_mac_sign_reg"
Active-HDL Info: # Compile Architecture "cycloneii_mac_sign_reg" of Entity "cycloneii_mac_sign_reg"
Active-HDL Info: # Compile Entity "cycloneii_mac_mult_internal"
Active-HDL Info: # Compile Architecture "vital_cycloneii_mac_mult_internal" of Entity "cycloneii_mac_mult_internal"
Active-HDL Info: # Compile Entity "cycloneii_mac_mult"
Active-HDL Info: # Compile Architecture "vital_cycloneii_mac_mult" of Entity "cycloneii_mac_mult"
Active-HDL Info: # Compile Entity "cycloneii_mac_out"
Active-HDL Info: # Compile Architecture "vital_cycloneii_mac_out" of Entity "cycloneii_mac_out"
Active-HDL Info: # Compile Entity "cycloneii_ena_reg"
Active-HDL Info: # Compile Architecture "behave" of Entity "cycloneii_ena_reg"
Active-HDL Info: # Compile Entity "cycloneii_clkctrl"
Active-HDL Info: # Compile Architecture "vital_clkctrl" of Entity "cycloneii_clkctrl"
Active-HDL Info: # Compile success 0 Errors 5 Warnings  Analysis time :  0.9 [s]
Active-HDL Info: acom -strict93 -dbg -work cycloneii c:/altera/13.0sp1/quartus/eda/sim_lib/cycloneii_components.vhd
Active-HDL Info: # File: c:/altera/13.0sp1/quartus/eda/sim_lib/cycloneii_components.vhd
Active-HDL Info: # Compile Package "cycloneii_components"
Active-HDL Info: # Compile success 0 Errors 0 Warnings  Analysis time :  62.0 [ms]
Active-HDL Info: addfile -c -auto D:/DE2/lr/simulation/activehdl/lr3.vho
Active-HDL Info: # Adding file D:\DE2\lr\simulation\activehdl\lr3.vho ... Done
Active-HDL Info: addfile -c -auto D:/DE2/lr/simulation/activehdl/lr3_vhd.sdo
Active-HDL Info: # Adding file D:\DE2\lr\simulation\activehdl\lr3_vhd.sdo ... Done
Active-HDL Info: addfile -c -auto D:/DE2/lr/tb/calc_tb.vhd
Active-HDL Info: # Adding file D:\DE2\lr\tb\calc_tb.vhd ... Done
Active-HDL Info: comp -reorder
Active-HDL Warning: # Warning: DAGGEN_0523: The source is compiled without the -dbg switch. Line breakpoints and assertion debug will not be available.
Active-HDL Info: # File: D:/DE2/lr/simulation/activehdl/lr3/src/lr3.vho
Active-HDL Info: # Compile Entity "calc"
Active-HDL Info: # Compile Architecture "structure" of Entity "calc"
Active-HDL Info: # File: D:/DE2/lr/simulation/activehdl/lr3/src/calc_tb.vhd
Active-HDL Info: # Compile Entity "calc_tb"
Active-HDL Info: # Compile Architecture "tb" of Entity "calc_tb"
Active-HDL Info: # Top-level unit(s) detected:
Active-HDL Info: # Entity => calc_tb
Active-HDL Info: # Compile success 0 Errors 0 Warnings  Analysis time :  0.3 [s]
Active-HDL Info: # ELBREAD: Elaboration process.
Active-HDL Info: # ELBREAD: Elaboration time 0.0 [s].
Active-HDL Info: asim +access +r -t 1ps +transport_int_delays +transport_path_delays -sdftyp /NA=lr3_vhd.sdo -L lr3 -L work -L cycloneii  calc_tb
Active-HDL Info: # ELBREAD: Elaboration process.
Active-HDL Warning: # ELBREAD: Warning: Cannot find library work.
Active-HDL Info: # ELBREAD: Elaboration time 0.0 [s].
Active-HDL Info: # VSIM: Stack memory: 32MB
Active-HDL Info: # VSIM: Retval memory: 32MB
Active-HDL Info: # KERNEL: Main thread initiated.
Active-HDL Info: # KERNEL: Kernel process initialization phase.
Active-HDL Info: # ELAB2: Elaboration final pass...
Active-HDL Info: # KERNEL: PLI/VHPI kernel's engine initialization done.
Active-HDL Info: # PLI: Loading library 'C:\Aldec\Active-HDL-Student-Edition\bin\systf.dll'
Active-HDL Info: # VHPI: Loading library 'systf.dll'
Active-HDL Info: # ELAB2: Create instances ...
Active-HDL Info: # KERNEL: Time resolution set to 1ps.
Active-HDL Info: # ELAB2: Create instances complete.
Active-HDL Error: # SDF: Error: lr3_vhd.sdo(39): Instance /NA/\add_sub1|addsub_1|LPM_ADD_SUB_component|auto_generated|result_int[1]~2\ not found
Active-HDL Error: # SDF: Error: lr3_vhd.sdo(40): Instance /NA/\add_sub1|addsub_1|LPM_ADD_SUB_component|auto_generated|result_int[1]~2\ not found
Active-HDL Error: # SDF: Error: lr3_vhd.sdo(41): Instance /NA/\add_sub1|addsub_1|LPM_ADD_SUB_component|auto_generated|result_int[1]~2\ not found
Active-HDL Error: # SDF: Error: lr3_vhd.sdo(42): Instance /NA/\add_sub1|addsub_1|LPM_ADD_SUB_component|auto_generated|result_int[1]~2\ not found
Active-HDL Error: # SDF: Error: lr3_vhd.sdo(43): Instance /NA/\add_sub1|addsub_1|LPM_ADD_SUB_component|auto_generated|result_int[1]~2\ not found
Active-HDL Error: # SDF: Error: lr3_vhd.sdo(44): Instance /NA/\add_sub1|addsub_1|LPM_ADD_SUB_component|auto_generated|result_int[1]~2\ not found
Active-HDL Error: # SDF: Error: lr3_vhd.sdo(45): Instance /NA/\add_sub1|addsub_1|LPM_ADD_SUB_component|auto_generated|result_int[1]~2\ not found
Active-HDL Error: # SDF: Error: lr3_vhd.sdo(46): Instance /NA/\add_sub1|addsub_1|LPM_ADD_SUB_component|auto_generated|result_int[1]~2\ not found
Active-HDL Error: # SDF: Error: lr3_vhd.sdo(47): Instance /NA/\add_sub1|addsub_1|LPM_ADD_SUB_component|auto_generated|result_int[1]~2\ not found
Active-HDL Error: # SDF: Error: lr3_vhd.sdo(56): Instance /NA/\add_sub1|addsub_1|LPM_ADD_SUB_component|auto_generated|result_int[2]~4\ not found
Active-HDL Error: # SDF: Error: lr3_vhd.sdo(57): Instance /NA/\add_sub1|addsub_1|LPM_ADD_SUB_component|auto_generated|result_int[2]~4\ not found
Active-HDL Error: # SDF: Error: lr3_vhd.sdo(58): Instance /NA/\add_sub1|addsub_1|LPM_ADD_SUB_component|auto_generated|result_int[2]~4\ not found
Active-HDL Error: # SDF: Error: lr3_vhd.sdo(59): Instance /NA/\add_sub1|addsub_1|LPM_ADD_SUB_component|auto_generated|result_int[2]~4\ not found
Active-HDL Error: # SDF: Error: lr3_vhd.sdo(60): Instance /NA/\add_sub1|addsub_1|LPM_ADD_SUB_component|auto_generated|result_int[2]~4\ not found
Active-HDL Error: # SDF: Error: lr3_vhd.sdo(61): Instance /NA/\add_sub1|addsub_1|LPM_ADD_SUB_component|auto_generated|result_int[2]~4\ not found
Active-HDL Error: # SDF: Error: lr3_vhd.sdo(62): Instance /NA/\add_sub1|addsub_1|LPM_ADD_SUB_component|auto_generated|result_int[2]~4\ not found
Active-HDL Error: # SDF: Error: lr3_vhd.sdo(63): Instance /NA/\add_sub1|addsub_1|LPM_ADD_SUB_component|auto_generated|result_int[2]~4\ not found
Active-HDL Error: # SDF: Error: lr3_vhd.sdo(64): Instance /NA/\add_sub1|addsub_1|LPM_ADD_SUB_component|auto_generated|result_int[2]~4\ not found
Active-HDL Error: # SDF: Error: lr3_vhd.sdo(73): Instance /NA/\add_sub1|addsub_1|LPM_ADD_SUB_component|auto_generated|result_int[4]~8\ not found
Active-HDL Error: # SDF: Error: lr3_vhd.sdo(74): Instance /NA/\add_sub1|addsub_1|LPM_ADD_SUB_component|auto_generated|result_int[4]~8\ not found
Active-HDL Error: # SDF: Error: lr3_vhd.sdo(75): Instance /NA/\add_sub1|addsub_1|LPM_ADD_SUB_component|auto_generated|result_int[4]~8\ not found
Active-HDL Error: # SDF: Error: lr3_vhd.sdo(76): Instance /NA/\add_sub1|addsub_1|LPM_ADD_SUB_component|auto_generated|result_int[4]~8\ not found
Active-HDL Error: # SDF: Error: lr3_vhd.sdo(77): Instance /NA/\add_sub1|addsub_1|LPM_ADD_SUB_component|auto_generated|result_int[4]~8\ not found
Active-HDL Error: # SDF: Error: lr3_vhd.sdo(78): Instance /NA/\add_sub1|addsub_1|LPM_ADD_SUB_component|auto_generated|result_int[4]~8\ not found
Active-HDL Error: # SDF: Error: lr3_vhd.sdo(79): Instance /NA/\add_sub1|addsub_1|LPM_ADD_SUB_component|auto_generated|result_int[4]~8\ not found
Active-HDL Error: # SDF: Error: lr3_vhd.sdo(80): Instance /NA/\add_sub1|addsub_1|LPM_ADD_SUB_component|auto_generated|result_int[4]~8\ not found
Active-HDL Error: # SDF: Error: lr3_vhd.sdo(81): Instance /NA/\add_sub1|addsub_1|LPM_ADD_SUB_component|auto_generated|result_int[4]~8\ not found
Active-HDL Error: # SDF: Error: lr3_vhd.sdo(90): Instance /NA/\table3|altsyncram_component|auto_generated|ram_block1a0\/datain_a_register not found
Active-HDL Error: # SDF: Error: lr3_vhd.sdo(94): Instance /NA/\table3|altsyncram_component|auto_generated|ram_block1a0\/datain_a_register not found
Active-HDL Error: # SDF: Error: lr3_vhd.sdo(95): Instance /NA/\table3|altsyncram_component|auto_generated|ram_block1a0\/datain_a_register not found
Active-HDL Error: # SDF: Error: lr3_vhd.sdo(103): Instance /NA/\table3|altsyncram_component|auto_generated|ram_block1a0\/addr_a_register not found
Active-HDL Error: # SDF: Error: lr3_vhd.sdo(104): Instance /NA/\table3|altsyncram_component|auto_generated|ram_block1a0\/addr_a_register not found
Active-HDL Error: # SDF: Error: lr3_vhd.sdo(105): Instance /NA/\table3|altsyncram_component|auto_generated|ram_block1a0\/addr_a_register not found
Active-HDL Error: # SDF: Error: lr3_vhd.sdo(106): Instance /NA/\table3|altsyncram_component|auto_generated|ram_block1a0\/addr_a_register not found
Active-HDL Error: # SDF: Error: lr3_vhd.sdo(107): Instance /NA/\table3|altsyncram_component|auto_generated|ram_block1a0\/addr_a_register not found
Active-HDL Error: # SDF: Error: lr3_vhd.sdo(108): Instance /NA/\table3|altsyncram_component|auto_generated|ram_block1a0\/addr_a_register not found
Active-HDL Error: # SDF: Error: lr3_vhd.sdo(109): Instance /NA/\table3|altsyncram_component|auto_generated|ram_block1a0\/addr_a_register not found
Active-HDL Error: # SDF: Error: lr3_vhd.sdo(110): Instance /NA/\table3|altsyncram_component|auto_generated|ram_block1a0\/addr_a_register not found
Active-HDL Error: # SDF: Error: lr3_vhd.sdo(114): Instance /NA/\table3|altsyncram_component|auto_generated|ram_block1a0\/addr_a_register not found
Active-HDL Error: # SDF: Error: lr3_vhd.sdo(115): Instance /NA/\table3|altsyncram_component|auto_generated|ram_block1a0\/addr_a_register not found
Active-HDL Error: # SDF: Error: lr3_vhd.sdo(123): Instance /NA/\table3|altsyncram_component|auto_generated|ram_block1a0\/active_port_a not found
Active-HDL Error: # SDF: Error: lr3_vhd.sdo(132): Instance /NA/\table3|altsyncram_component|auto_generated|ram_block1a0\/rpgen_a not found
Active-HDL Error: # SDF: Error: lr3_vhd.sdo(133): Instance /NA/\table3|altsyncram_component|auto_generated|ram_block1a0\/rpgen_a not found
Active-HDL Error: # SDF: Error: lr3_vhd.sdo(142): Instance /NA/\table3|altsyncram_component|auto_generated|ram_block1a0\/dataout_a_register not found
Active-HDL Error: # SDF: Error: lr3_vhd.sdo(143): Instance /NA/\table3|altsyncram_component|auto_generated|ram_block1a0\/dataout_a_register not found
Active-HDL Error: # SDF: Error: lr3_vhd.sdo(147): Instance /NA/\table3|altsyncram_component|auto_generated|ram_block1a0\/dataout_a_register not found
Active-HDL Error: # SDF: Error: lr3_vhd.sdo(148): Instance /NA/\table3|altsyncram_component|auto_generated|ram_block1a0\/dataout_a_register not found
Active-HDL Error: # SDF: Error: lr3_vhd.sdo(156): Instance /NA/\table2|altsyncram_component|auto_generated|ram_block1a0\/datain_a_register not found
Active-HDL Error: # SDF: Error: lr3_vhd.sdo(160): Instance /NA/\table2|altsyncram_component|auto_generated|ram_block1a0\/datain_a_register not found
Active-HDL Error: # SDF: Error: lr3_vhd.sdo(161): Instance /NA/\table2|altsyncram_component|auto_generated|ram_block1a0\/datain_a_register not found
Active-HDL Error: # SDF: Error: lr3_vhd.sdo(169): Instance /NA/\table2|altsyncram_component|auto_generated|ram_block1a0\/addr_a_register not found
Active-HDL Error: # SDF: Error: lr3_vhd.sdo(170): Instance /NA/\table2|altsyncram_component|auto_generated|ram_block1a0\/addr_a_register not found
Active-HDL Error: # SDF: Error: lr3_vhd.sdo(171): Instance /NA/\table2|altsyncram_component|auto_generated|ram_block1a0\/addr_a_register not found
Active-HDL Error: # SDF: Error: lr3_vhd.sdo(172): Instance /NA/\table2|altsyncram_component|auto_generated|ram_block1a0\/addr_a_register not found
Active-HDL Error: # SDF: Error: lr3_vhd.sdo(173): Instance /NA/\table2|altsyncram_component|auto_generated|ram_block1a0\/addr_a_register not found
Active-HDL Error: # SDF: Error: lr3_vhd.sdo(174): Instance /NA/\table2|altsyncram_component|auto_generated|ram_block1a0\/addr_a_register not found
Active-HDL Error: # SDF: Error: lr3_vhd.sdo(175): Instance /NA/\table2|altsyncram_component|auto_generated|ram_block1a0\/addr_a_register not found
Active-HDL Error: # SDF: Error: lr3_vhd.sdo(176): Instance /NA/\table2|altsyncram_component|auto_generated|ram_block1a0\/addr_a_register not found
Active-HDL Error: # SDF: Error: lr3_vhd.sdo(180): Instance /NA/\table2|altsyncram_component|auto_generated|ram_block1a0\/addr_a_register not found
Active-HDL Error: # SDF: Error: lr3_vhd.sdo(181): Instance /NA/\table2|altsyncram_component|auto_generated|ram_block1a0\/addr_a_register not found
Active-HDL Error: # SDF: Error: lr3_vhd.sdo(189): Instance /NA/\table2|altsyncram_component|auto_generated|ram_block1a0\/active_port_a not found
Active-HDL Error: # SDF: Error: lr3_vhd.sdo(198): Instance /NA/\table2|altsyncram_component|auto_generated|ram_block1a0\/rpgen_a not found
Active-HDL Error: # SDF: Error: lr3_vhd.sdo(199): Instance /NA/\table2|altsyncram_component|auto_generated|ram_block1a0\/rpgen_a not found
Active-HDL Error: # SDF: Error: lr3_vhd.sdo(208): Instance /NA/\table2|altsyncram_component|auto_generated|ram_block1a0\/dataout_a_register not found
Active-HDL Error: # SDF: Error: lr3_vhd.sdo(209): Instance /NA/\table2|altsyncram_component|auto_generated|ram_block1a0\/dataout_a_register not found
Active-HDL Error: # SDF: Error: lr3_vhd.sdo(213): Instance /NA/\table2|altsyncram_component|auto_generated|ram_block1a0\/dataout_a_register not found
Active-HDL Error: # SDF: Error: lr3_vhd.sdo(214): Instance /NA/\table2|altsyncram_component|auto_generated|ram_block1a0\/dataout_a_register not found
Active-HDL Error: # SDF: Error: lr3_vhd.sdo(222): Instance /NA/\table1|altsyncram_component|auto_generated|ram_block1a0\/datain_a_register not found
Active-HDL Error: # SDF: Error: lr3_vhd.sdo(226): Instance /NA/\table1|altsyncram_component|auto_generated|ram_block1a0\/datain_a_register not found
Active-HDL Error: # SDF: Error: lr3_vhd.sdo(227): Instance /NA/\table1|altsyncram_component|auto_generated|ram_block1a0\/datain_a_register not found
Active-HDL Error: # SDF: Error: lr3_vhd.sdo(235): Instance /NA/\table1|altsyncram_component|auto_generated|ram_block1a0\/addr_a_register not found
Active-HDL Error: # SDF: Error: lr3_vhd.sdo(236): Instance /NA/\table1|altsyncram_component|auto_generated|ram_block1a0\/addr_a_register not found
Active-HDL Error: # SDF: Error: lr3_vhd.sdo(237): Instance /NA/\table1|altsyncram_component|auto_generated|ram_block1a0\/addr_a_register not found
Active-HDL Error: # SDF: Error: lr3_vhd.sdo(238): Instance /NA/\table1|altsyncram_component|auto_generated|ram_block1a0\/addr_a_register not found
Active-HDL Error: # SDF: Error: lr3_vhd.sdo(239): Instance /NA/\table1|altsyncram_component|auto_generated|ram_block1a0\/addr_a_register not found
Active-HDL Error: # SDF: Error: lr3_vhd.sdo(240): Instance /NA/\table1|altsyncram_component|auto_generated|ram_block1a0\/addr_a_register not found
Active-HDL Error: # SDF: Error: lr3_vhd.sdo(241): Instance /NA/\table1|altsyncram_component|auto_generated|ram_block1a0\/addr_a_register not found
Active-HDL Error: # SDF: Error: lr3_vhd.sdo(242): Instance /NA/\table1|altsyncram_component|auto_generated|ram_block1a0\/addr_a_register not found
Active-HDL Error: # SDF: Error: lr3_vhd.sdo(246): Instance /NA/\table1|altsyncram_component|auto_generated|ram_block1a0\/addr_a_register not found
Active-HDL Error: # SDF: Error: lr3_vhd.sdo(247): Instance /NA/\table1|altsyncram_component|auto_generated|ram_block1a0\/addr_a_register not found
Active-HDL Error: # SDF: Error: lr3_vhd.sdo(255): Instance /NA/\table1|altsyncram_component|auto_generated|ram_block1a0\/active_port_a not found
Active-HDL Error: # SDF: Error: lr3_vhd.sdo(264): Instance /NA/\table1|altsyncram_component|auto_generated|ram_block1a0\/rpgen_a not found
Active-HDL Error: # SDF: Error: lr3_vhd.sdo(265): Instance /NA/\table1|altsyncram_component|auto_generated|ram_block1a0\/rpgen_a not found
Active-HDL Error: # SDF: Error: lr3_vhd.sdo(274): Instance /NA/\table1|altsyncram_component|auto_generated|ram_block1a0\/dataout_a_register not found
Active-HDL Error: # SDF: Error: lr3_vhd.sdo(275): Instance /NA/\table1|altsyncram_component|auto_generated|ram_block1a0\/dataout_a_register not found
Active-HDL Error: # SDF: Error: lr3_vhd.sdo(279): Instance /NA/\table1|altsyncram_component|auto_generated|ram_block1a0\/dataout_a_register not found
Active-HDL Error: # SDF: Error: lr3_vhd.sdo(280): Instance /NA/\table1|altsyncram_component|auto_generated|ram_block1a0\/dataout_a_register not found
Active-HDL Error: # SDF: Error: lr3_vhd.sdo(288): Instance /NA/\add_sub1|dataa_reg[6]\ not found
Active-HDL Error: # SDF: Error: lr3_vhd.sdo(289): Instance /NA/\add_sub1|dataa_reg[6]\ not found
Active-HDL Error: # SDF: Error: lr3_vhd.sdo(290): Instance /NA/\add_sub1|dataa_reg[6]\ not found
Active-HDL Error: # SDF: Error: lr3_vhd.sdo(294): Instance /NA/\add_sub1|dataa_reg[6]\ not found
Active-HDL Error: # SDF: Error: lr3_vhd.sdo(302): Instance /NA/\add_sub1|datab_reg[5]\ not found
Active-HDL Error: # SDF: Error: lr3_vhd.sdo(303): Instance /NA/\add_sub1|datab_reg[5]\ not found
Active-HDL Error: # SDF: Error: lr3_vhd.sdo(304): Instance /NA/\add_sub1|datab_reg[5]\ not found
Active-HDL Error: # SDF: Error: lr3_vhd.sdo(308): Instance /NA/\add_sub1|datab_reg[5]\ not found
Active-HDL Error: # SDF: Error: lr3_vhd.sdo(316): Instance /NA/\add_sub1|addsub_1|LPM_ADD_SUB_component|auto_generated|_~1\ not found
Active-HDL Error: # SDF: Error: lr3_vhd.sdo(317): Instance /NA/\add_sub1|addsub_1|LPM_ADD_SUB_component|auto_generated|_~1\ not found
Active-HDL Error: # SDF: Error: lr3_vhd.sdo(318): Instance /NA/\add_sub1|addsub_1|LPM_ADD_SUB_component|auto_generated|_~1\ not found
Active-HDL Error: # SDF: Error: lr3_vhd.sdo(327): Instance /NA/\add_sub1|datab_reg[4]\ not found
Active-HDL Error: # SDF: Error: lr3_vhd.sdo(328): Instance /NA/\add_sub1|datab_reg[4]\ not found
Active-HDL Error: # SDF: Error: There were 1156 errors during SDF annotation, to view them all use the +verbose_sdf_annotation switch
Active-HDL Info: # SLP: Started
Active-HDL Info: # SLP: Elaboration phase ...
Active-HDL Info: # SLP: Elaboration phase ... skipped, nothing to simulate in SLP mode : 0.0 [s]
Active-HDL Info: # SLP: Finished : 0.0 [s]
Active-HDL Info: # ELAB2: Elaboration final pass complete - time: 0.1 [s].
Active-HDL Warning: # KERNEL: Warning: You are using the Active-HDL Student Edition. The performance of simulation is running at a reduced rate.
Active-HDL Warning: # KERNEL: Warning: Contact Aldec for available upgrade options - sales@aldec.com.
Active-HDL Info: # SDF: 1156 generic(s) read from lr3_vhd.sdo
Active-HDL Info: # SDF: SDF load & update time: 0.0 [s].
Active-HDL Info: # SDF: 0 SDF entries loaded while 1156 entries read
Active-HDL Info: # KERNEL: Kernel process initialization done.
Active-HDL Info: # Allocation: Simulator allocated 9879 kB (elbread=1298 elab2=7648 kernel=429 sdf=504)
Active-HDL Info: # KERNEL: ASDB file was created in location D:\DE2\lr\simulation\activehdl\lr3\src\wave.asdb
Active-HDL Info: #  19:31, 4 декабря 2020 г.
Active-HDL Info: #  Simulation has been initialized
Active-HDL Info: wave *
Active-HDL Info: # 10 signal(s) traced.
Active-HDL Info: run  
Active-HDL Info: # Waveform file 'untitled.awc' connected to 'D:/DE2/lr/simulation/activehdl/lr3/src/wave.asdb'.
Active-HDL Info: # KERNEL: FAILURE: 32-bit argument is too wide for CONV_INTEGER. Use `asim -relax' to allow 32-bit arguments for CONV_INTEGER.
Active-HDL Info: # KERNEL: Time: 0 ps,  Iteration: 0,  Instance: /calc_tb/rtc1/\key[2]~clk_delay_ctrl\,  Process: line__6796.
Active-HDL Info: # KERNEL: FAILURE: 32-bit argument is too wide for CONV_INTEGER. Use `asim -relax' to allow 32-bit arguments for CONV_INTEGER.
Active-HDL Info: # KERNEL: Time: 0 ps,  Iteration: 0,  Instance: /calc_tb/rtc1/\key[2]~clk_delay_ctrl\,  Process: line__6796.
Active-HDL Info: # KERNEL: FAILURE: 32-bit argument is too wide for CONV_INTEGER. Use `asim -relax' to allow 32-bit arguments for CONV_INTEGER.
Active-HDL Info: # KERNEL: Time: 0 ps,  Iteration: 0,  Instance: /calc_tb/rtc1/\key[2]~clk_delay_ctrl\,  Process: line__6796.
Active-HDL Info: # KERNEL: FAILURE: 32-bit argument is too wide for CONV_INTEGER. Use `asim -relax' to allow 32-bit arguments for CONV_INTEGER.
Active-HDL Info: # KERNEL: Time: 0 ps,  Iteration: 0,  Instance: /calc_tb/rtc1/\key[2]~clk_delay_ctrl\,  Process: line__6796.
Active-HDL Info: # KERNEL: FAILURE: 32-bit argument is too wide for CONV_INTEGER. Use `asim -relax' to allow 32-bit arguments for CONV_INTEGER.
Active-HDL Info: # KERNEL: Time: 0 ps,  Iteration: 0,  Instance: /calc_tb/rtc1/\key[2]~clk_delay_ctrl\,  Process: line__6796.
Active-HDL Info: # KERNEL: FAILURE: 32-bit argument is too wide for CONV_INTEGER. Use `asim -relax' to allow 32-bit arguments for CONV_INTEGER.
Active-HDL Info: # KERNEL: Time: 0 ps,  Iteration: 0,  Instance: /calc_tb/rtc1/\key[2]~clk_delay_ctrl\,  Process: line__6796.
Active-HDL Info: # KERNEL: FAILURE: 32-bit argument is too wide for CONV_INTEGER. Use `asim -relax' to allow 32-bit arguments for CONV_INTEGER.
Active-HDL Info: # KERNEL: Time: 0 ps,  Iteration: 0,  Instance: /calc_tb/rtc1/\key[2]~clk_delay_ctrl\,  Process: line__6796.
Active-HDL Info: # KERNEL: FAILURE: 32-bit argument is too wide for CONV_INTEGER. Use `asim -relax' to allow 32-bit arguments for CONV_INTEGER.
Active-HDL Info: # KERNEL: Time: 0 ps,  Iteration: 0,  Instance: /calc_tb/rtc1/\key[2]~clk_delay_ctrl\,  Process: line__6796.
Active-HDL Info: # KERNEL: FAILURE: 32-bit argument is too wide for CONV_INTEGER. Use `asim -relax' to allow 32-bit arguments for CONV_INTEGER.
Active-HDL Info: # KERNEL: Time: 0 ps,  Iteration: 0,  Instance: /calc_tb/rtc1/\key[2]~clk_delay_ctrl\,  Process: line__6796.
Active-HDL Info: # KERNEL: FAILURE: 32-bit argument is too wide for CONV_INTEGER. Use `asim -relax' to allow 32-bit arguments for CONV_INTEGER.
Active-HDL Info: # KERNEL: Time: 0 ps,  Iteration: 0,  Instance: /calc_tb/rtc1/\key[2]~clk_delay_ctrl\,  Process: line__6796.
Active-HDL Info: # KERNEL: FAILURE: 32-bit argument is too wide for CONV_INTEGER. Use `asim -relax' to allow 32-bit arguments for CONV_INTEGER.
Active-HDL Info: # KERNEL: Time: 0 ps,  Iteration: 0,  Instance: /calc_tb/rtc1/\key[2]~clk_delay_ctrl\,  Process: line__6796.
Active-HDL Info: # KERNEL: FAILURE: 32-bit argument is too wide for CONV_INTEGER. Use `asim -relax' to allow 32-bit arguments for CONV_INTEGER.
Active-HDL Info: # KERNEL: Time: 0 ps,  Iteration: 0,  Instance: /calc_tb/rtc1/\key[2]~clk_delay_ctrl\,  Process: line__6796.
Active-HDL Info: # KERNEL: FAILURE: 32-bit argument is too wide for CONV_INTEGER. Use `asim -relax' to allow 32-bit arguments for CONV_INTEGER.
Active-HDL Info: # KERNEL: Time: 0 ps,  Iteration: 0,  Instance: /calc_tb/rtc1/\key[2]~clk_delay_ctrl\,  Process: line__6796.
Active-HDL Info: # KERNEL: FAILURE: 32-bit argument is too wide for CONV_INTEGER. Use `asim -relax' to allow 32-bit arguments for CONV_INTEGER.
Active-HDL Info: # KERNEL: Time: 0 ps,  Iteration: 0,  Instance: /calc_tb/rtc1/\key[2]~clk_delay_ctrl\,  Process: line__6796.
Active-HDL Info: # KERNEL: FAILURE: 32-bit argument is too wide for CONV_INTEGER. Use `asim -relax' to allow 32-bit arguments for CONV_INTEGER.
Active-HDL Info: # KERNEL: Time: 0 ps,  Iteration: 0,  Instance: /calc_tb/rtc1/\key[2]~clk_delay_ctrl\,  Process: line__6796.
Active-HDL Info: # KERNEL: FAILURE: 32-bit argument is too wide for CONV_INTEGER. Use `asim -relax' to allow 32-bit arguments for CONV_INTEGER.
Active-HDL Info: # KERNEL: Time: 0 ps,  Iteration: 0,  Instance: /calc_tb/rtc1/\key[2]~clk_delay_ctrl\,  Process: line__6796.
Active-HDL Info: # KERNEL: FAILURE: 32-bit argument is too wide for CONV_INTEGER. Use `asim -relax' to allow 32-bit arguments for CONV_INTEGER.
Active-HDL Info: # KERNEL: Time: 0 ps,  Iteration: 0,  Instance: /calc_tb/rtc1/\key[2]~clk_delay_ctrl\,  Process: line__6796.
Active-HDL Info: # KERNEL: FAILURE: 32-bit argument is too wide for CONV_INTEGER. Use `asim -relax' to allow 32-bit arguments for CONV_INTEGER.
Active-HDL Info: # KERNEL: Time: 0 ps,  Iteration: 0,  Instance: /calc_tb/rtc1/\key[2]~clk_delay_ctrl\,  Process: line__6796.
Active-HDL Info: # KERNEL: FAILURE: 32-bit argument is too wide for CONV_INTEGER. Use `asim -relax' to allow 32-bit arguments for CONV_INTEGER.
Active-HDL Info: # KERNEL: Time: 0 ps,  Iteration: 0,  Instance: /calc_tb/rtc1/\key[2]~clk_delay_ctrl\,  Process: line__6796.
Active-HDL Info: # KERNEL: FAILURE: 32-bit argument is too wide for CONV_INTEGER. Use `asim -relax' to allow 32-bit arguments for CONV_INTEGER.
Active-HDL Info: # KERNEL: Time: 0 ps,  Iteration: 0,  Instance: /calc_tb/rtc1/\key[2]~clk_delay_ctrl\,  Process: line__6796.
Active-HDL Info: # KERNEL: FAILURE: 32-bit argument is too wide for CONV_INTEGER. Use `asim -relax' to allow 32-bit arguments for CONV_INTEGER.
Active-HDL Info: # KERNEL: Time: 0 ps,  Iteration: 0,  Instance: /calc_tb/rtc1/\key[2]~clk_delay_ctrl\,  Process: line__6796.
Active-HDL Info: # KERNEL: FAILURE: 32-bit argument is too wide for CONV_INTEGER. Use `asim -relax' to allow 32-bit arguments for CONV_INTEGER.
Active-HDL Info: # KERNEL: Time: 0 ps,  Iteration: 0,  Instance: /calc_tb/rtc1/\key[2]~clk_delay_ctrl\,  Process: line__6796.
Active-HDL Info: # KERNEL: FAILURE: 32-bit argument is too wide for CONV_INTEGER. Use `asim -relax' to allow 32-bit arguments for CONV_INTEGER.
Active-HDL Info: # KERNEL: Time: 0 ps,  Iteration: 0,  Instance: /calc_tb/rtc1/\key[2]~clk_delay_ctrl\,  Process: line__6796.
Active-HDL Info: # KERNEL: FAILURE: 32-bit argument is too wide for CONV_INTEGER. Use `asim -relax' to allow 32-bit arguments for CONV_INTEGER.
Active-HDL Info: # KERNEL: Time: 0 ps,  Iteration: 0,  Instance: /calc_tb/rtc1/\key[2]~clk_delay_ctrl\,  Process: line__6796.
Active-HDL Info: # KERNEL: FAILURE: 32-bit argument is too wide for CONV_INTEGER. Use `asim -relax' to allow 32-bit arguments for CONV_INTEGER.
Active-HDL Info: # KERNEL: Time: 0 ps,  Iteration: 0,  Instance: /calc_tb/rtc1/\key[2]~clk_delay_ctrl\,  Process: line__6796.
Active-HDL Info: # KERNEL: FAILURE: 32-bit argument is too wide for CONV_INTEGER. Use `asim -relax' to allow 32-bit arguments for CONV_INTEGER.
Active-HDL Info: # KERNEL: Time: 0 ps,  Iteration: 0,  Instance: /calc_tb/rtc1/\key[2]~clk_delay_ctrl\,  Process: line__6796.
Active-HDL Info: # KERNEL: FAILURE: 32-bit argument is too wide for CONV_INTEGER. Use `asim -relax' to allow 32-bit arguments for CONV_INTEGER.
Active-HDL Info: # KERNEL: Time: 0 ps,  Iteration: 0,  Instance: /calc_tb/rtc1/\key[2]~clk_delay_ctrl\,  Process: line__6796.
Active-HDL Info: # KERNEL: FAILURE: 32-bit argument is too wide for CONV_INTEGER. Use `asim -relax' to allow 32-bit arguments for CONV_INTEGER.
Active-HDL Info: # KERNEL: Time: 0 ps,  Iteration: 0,  Instance: /calc_tb/rtc1/\key[2]~clk_delay_ctrl\,  Process: line__6796.
Active-HDL Info: # KERNEL: FAILURE: 32-bit argument is too wide for CONV_INTEGER. Use `asim -relax' to allow 32-bit arguments for CONV_INTEGER.
Active-HDL Info: # KERNEL: Time: 0 ps,  Iteration: 0,  Instance: /calc_tb/rtc1/\key[2]~clk_delay_ctrl\,  Process: line__6796.
Active-HDL Info: # KERNEL: FAILURE: 32-bit argument is too wide for CONV_INTEGER. Use `asim -relax' to allow 32-bit arguments for CONV_INTEGER.
Active-HDL Info: # KERNEL: Time: 0 ps,  Iteration: 0,  Instance: /calc_tb/rtc1/\key[2]~clk_delay_ctrl\,  Process: line__6796.
Active-HDL Info: # KERNEL: FAILURE: 32-bit argument is too wide for CONV_INTEGER. Use `asim -relax' to allow 32-bit arguments for CONV_INTEGER.
Active-HDL Info: # KERNEL: Time: 0 ps,  Iteration: 0,  Instance: /calc_tb/rtc1/\key[2]~clk_delay_ctrl\,  Process: line__6796.
Active-HDL Info: # KERNEL: FAILURE: 32-bit argument is too wide for CONV_INTEGER. Use `asim -relax' to allow 32-bit arguments for CONV_INTEGER.
Active-HDL Info: # KERNEL: Time: 0 ps,  Iteration: 0,  Instance: /calc_tb/rtc1/\key[2]~clk_delay_ctrl\,  Process: line__6796.
Active-HDL Info: # KERNEL: FAILURE: 32-bit argument is too wide for CONV_INTEGER. Use `asim -relax' to allow 32-bit arguments for CONV_INTEGER.
Active-HDL Info: # KERNEL: Time: 0 ps,  Iteration: 0,  Instance: /calc_tb/rtc1/\key[2]~clk_delay_ctrl\,  Process: line__6796.
Active-HDL Info: # KERNEL: FAILURE: 32-bit argument is too wide for CONV_INTEGER. Use `asim -relax' to allow 32-bit arguments for CONV_INTEGER.
Active-HDL Info: # KERNEL: Time: 0 ps,  Iteration: 0,  Instance: /calc_tb/rtc1/\key[2]~clk_delay_ctrl\,  Process: line__6796.
Active-HDL Info: # KERNEL: FAILURE: 32-bit argument is too wide for CONV_INTEGER. Use `asim -relax' to allow 32-bit arguments for CONV_INTEGER.
Active-HDL Info: # KERNEL: Time: 0 ps,  Iteration: 0,  Instance: /calc_tb/rtc1/\key[2]~clk_delay_ctrl\,  Process: line__6796.
Active-HDL Info: # KERNEL: FAILURE: 32-bit argument is too wide for CONV_INTEGER. Use `asim -relax' to allow 32-bit arguments for CONV_INTEGER.
Active-HDL Info: # KERNEL: Time: 0 ps,  Iteration: 0,  Instance: /calc_tb/rtc1/\key[2]~clk_delay_ctrl\,  Process: line__6796.
Active-HDL Info: # KERNEL: FAILURE: 32-bit argument is too wide for CONV_INTEGER. Use `asim -relax' to allow 32-bit arguments for CONV_INTEGER.
Active-HDL Info: # KERNEL: Time: 0 ps,  Iteration: 0,  Instance: /calc_tb/rtc1/\key[2]~clk_delay_ctrl\,  Process: line__6796.
Active-HDL Info: # KERNEL: FAILURE: 32-bit argument is too wide for CONV_INTEGER. Use `asim -relax' to allow 32-bit arguments for CONV_INTEGER.
Active-HDL Info: # KERNEL: Time: 0 ps,  Iteration: 0,  Instance: /calc_tb/rtc1/\key[2]~clk_delay_ctrl\,  Process: line__6796.
Active-HDL Info: # KERNEL: FAILURE: 32-bit argument is too wide for CONV_INTEGER. Use `asim -relax' to allow 32-bit arguments for CONV_INTEGER.
Active-HDL Info: # KERNEL: Time: 0 ps,  Iteration: 0,  Instance: /calc_tb/rtc1/\key[2]~clk_delay_ctrl\,  Process: line__6796.
Active-HDL Info: # KERNEL: FAILURE: 32-bit argument is too wide for CONV_INTEGER. Use `asim -relax' to allow 32-bit arguments for CONV_INTEGER.
Active-HDL Info: # KERNEL: Time: 0 ps,  Iteration: 0,  Instance: /calc_tb/rtc1/\key[2]~clk_delay_ctrl\,  Process: line__6796.
Active-HDL Info: # KERNEL: FAILURE: 32-bit argument is too wide for CONV_INTEGER. Use `asim -relax' to allow 32-bit arguments for CONV_INTEGER.
Active-HDL Info: # KERNEL: Time: 0 ps,  Iteration: 0,  Instance: /calc_tb/rtc1/\key[2]~clk_delay_ctrl\,  Process: line__6796.
Active-HDL Info: # KERNEL: FAILURE: 32-bit argument is too wide for CONV_INTEGER. Use `asim -relax' to allow 32-bit arguments for CONV_INTEGER.
Active-HDL Info: # KERNEL: Time: 0 ps,  Iteration: 0,  Instance: /calc_tb/rtc1/\key[2]~clk_delay_ctrl\,  Process: line__6796.
Active-HDL Info: # KERNEL: FAILURE: 32-bit argument is too wide for CONV_INTEGER. Use `asim -relax' to allow 32-bit arguments for CONV_INTEGER.
Active-HDL Info: # KERNEL: Time: 0 ps,  Iteration: 0,  Instance: /calc_tb/rtc1/\key[2]~clk_delay_ctrl\,  Process: line__6796.
Active-HDL Info: # KERNEL: FAILURE: 32-bit argument is too wide for CONV_INTEGER. Use `asim -relax' to allow 32-bit arguments for CONV_INTEGER.
Active-HDL Info: # KERNEL: Time: 0 ps,  Iteration: 0,  Instance: /calc_tb/rtc1/\key[2]~clk_delay_ctrl\,  Process: line__6796.
Active-HDL Info: # KERNEL: FAILURE: 32-bit argument is too wide for CONV_INTEGER. Use `asim -relax' to allow 32-bit arguments for CONV_INTEGER.
Active-HDL Info: # KERNEL: Time: 0 ps,  Iteration: 0,  Instance: /calc_tb/rtc1/\key[2]~clk_delay_ctrl\,  Process: line__6796.
Active-HDL Info: # KERNEL: FAILURE: 32-bit argument is too wide for CONV_INTEGER. Use `asim -relax' to allow 32-bit arguments for CONV_INTEGER.
Active-HDL Info: # KERNEL: Time: 0 ps,  Iteration: 0,  Instance: /calc_tb/rtc1/\key[2]~clk_delay_ctrl\,  Process: line__6796.
Active-HDL Info: # KERNEL: FAILURE: 32-bit argument is too wide for CONV_INTEGER. Use `asim -relax' to allow 32-bit arguments for CONV_INTEGER.
Active-HDL Info: # KERNEL: Time: 0 ps,  Iteration: 0,  Instance: /calc_tb/rtc1/\key[2]~clk_delay_ctrl\,  Process: line__6796.
Active-HDL Info: # KERNEL: FAILURE: 32-bit argument is too wide for CONV_INTEGER. Use `asim -relax' to allow 32-bit arguments for CONV_INTEGER.
Active-HDL Info: # KERNEL: Time: 0 ps,  Iteration: 0,  Instance: /calc_tb/rtc1/\key[2]~clk_delay_ctrl\,  Process: line__6796.
Active-HDL Info: # KERNEL: FAILURE: 32-bit argument is too wide for CONV_INTEGER. Use `asim -relax' to allow 32-bit arguments for CONV_INTEGER.
Active-HDL Info: # KERNEL: Time: 0 ps,  Iteration: 0,  Instance: /calc_tb/rtc1/\key[2]~clk_delay_ctrl\,  Process: line__6796.
Active-HDL Info: # KERNEL: FAILURE: 32-bit argument is too wide for CONV_INTEGER. Use `asim -relax' to allow 32-bit arguments for CONV_INTEGER.
Active-HDL Info: # KERNEL: Time: 0 ps,  Iteration: 0,  Instance: /calc_tb/rtc1/\key[2]~clk_delay_ctrl\,  Process: line__6796.
Active-HDL Info: # KERNEL: FAILURE: 32-bit argument is too wide for CONV_INTEGER. Use `asim -relax' to allow 32-bit arguments for CONV_INTEGER.
Active-HDL Info: # KERNEL: Time: 0 ps,  Iteration: 0,  Instance: /calc_tb/rtc1/\key[2]~clk_delay_ctrl\,  Process: line__6796.
Active-HDL Info: # KERNEL: FAILURE: 32-bit argument is too wide for CONV_INTEGER. Use `asim -relax' to allow 32-bit arguments for CONV_INTEGER.
Active-HDL Info: # KERNEL: Time: 0 ps,  Iteration: 0,  Instance: /calc_tb/rtc1/\key[2]~clk_delay_ctrl\,  Process: line__6796.
Active-HDL Info: # KERNEL: FAILURE: 32-bit argument is too wide for CONV_INTEGER. Use `asim -relax' to allow 32-bit arguments for CONV_INTEGER.
Active-HDL Info: # KERNEL: Time: 0 ps,  Iteration: 0,  Instance: /calc_tb/rtc1/\key[2]~clk_delay_ctrl\,  Process: line__6796.
Active-HDL Info: # KERNEL: FAILURE: 32-bit argument is too wide for CONV_INTEGER. Use `asim -relax' to allow 32-bit arguments for CONV_INTEGER.
Active-HDL Info: # KERNEL: Time: 0 ps,  Iteration: 0,  Instance: /calc_tb/rtc1/\key[2]~clk_delay_ctrl\,  Process: line__6796.
Active-HDL Info: # KERNEL: FAILURE: 32-bit argument is too wide for CONV_INTEGER. Use `asim -relax' to allow 32-bit arguments for CONV_INTEGER.
Active-HDL Info: # KERNEL: Time: 0 ps,  Iteration: 0,  Instance: /calc_tb/rtc1/\key[2]~clk_delay_ctrl\,  Process: line__6796.
Active-HDL Info: # KERNEL: FAILURE: 32-bit argument is too wide for CONV_INTEGER. Use `asim -relax' to allow 32-bit arguments for CONV_INTEGER.
Active-HDL Info: # KERNEL: Time: 0 ps,  Iteration: 0,  Instance: /calc_tb/rtc1/\key[2]~clk_delay_ctrl\,  Process: line__6796.
Active-HDL Info: # KERNEL: FAILURE: 32-bit argument is too wide for CONV_INTEGER. Use `asim -relax' to allow 32-bit arguments for CONV_INTEGER.
Active-HDL Info: # KERNEL: Time: 0 ps,  Iteration: 0,  Instance: /calc_tb/rtc1/\key[2]~clk_delay_ctrl\,  Process: line__6796.
Active-HDL Info: # KERNEL: FAILURE: 32-bit argument is too wide for CONV_INTEGER. Use `asim -relax' to allow 32-bit arguments for CONV_INTEGER.
Active-HDL Info: # KERNEL: Time: 0 ps,  Iteration: 0,  Instance: /calc_tb/rtc1/\key[2]~clk_delay_ctrl\,  Process: line__6796.
Active-HDL Info: # KERNEL: FAILURE: 32-bit argument is too wide for CONV_INTEGER. Use `asim -relax' to allow 32-bit arguments for CONV_INTEGER.
Active-HDL Info: # KERNEL: Time: 0 ps,  Iteration: 0,  Instance: /calc_tb/rtc1/\key[2]~clk_delay_ctrl\,  Process: line__6796.
Active-HDL Info: # KERNEL: FAILURE: 32-bit argument is too wide for CONV_INTEGER. Use `asim -relax' to allow 32-bit arguments for CONV_INTEGER.
Active-HDL Info: # KERNEL: Time: 0 ps,  Iteration: 0,  Instance: /calc_tb/rtc1/\key[2]~clk_delay_ctrl\,  Process: line__6796.
Active-HDL Info: # KERNEL: FAILURE: 32-bit argument is too wide for CONV_INTEGER. Use `asim -relax' to allow 32-bit arguments for CONV_INTEGER.
Active-HDL Info: # KERNEL: Time: 0 ps,  Iteration: 0,  Instance: /calc_tb/rtc1/\key[2]~clk_delay_ctrl\,  Process: line__6796.
Active-HDL Info: # KERNEL: FAILURE: 32-bit argument is too wide for CONV_INTEGER. Use `asim -relax' to allow 32-bit arguments for CONV_INTEGER.
Active-HDL Info: # KERNEL: Time: 0 ps,  Iteration: 0,  Instance: /calc_tb/rtc1/\key[2]~clk_delay_ctrl\,  Process: line__6796.
Active-HDL Info: # KERNEL: FAILURE: 32-bit argument is too wide for CONV_INTEGER. Use `asim -relax' to allow 32-bit arguments for CONV_INTEGER.
Active-HDL Info: # KERNEL: Time: 0 ps,  Iteration: 0,  Instance: /calc_tb/rtc1/\key[2]~clk_delay_ctrl\,  Process: line__6796.
Active-HDL Info: # KERNEL: FAILURE: 32-bit argument is too wide for CONV_INTEGER. Use `asim -relax' to allow 32-bit arguments for CONV_INTEGER.
Active-HDL Info: # KERNEL: Time: 0 ps,  Iteration: 0,  Instance: /calc_tb/rtc1/\key[2]~clk_delay_ctrl\,  Process: line__6796.
Active-HDL Info: # KERNEL: WARNING: CONV_INTEGER: There is an 'U'|'X'|'W'|'Z'|'-' in an arithmetic operand, and it has been converted to 0.
Active-HDL Info: # KERNEL: Time: 0 ps,  Iteration: 0,  Instance: /calc_tb/rtc1/\key[2]~clk_delay_ctrl\,  Process: line__6796.
Active-HDL Info: # KERNEL: Stopped at time 0 ps + 0.
Active-HDL Info: endsim
Active-HDL Info: # VSIM: Simulation has finished.
