Active-HDL 11.1.262.7351 2021-10-20 14:05:06

Elaboration top modules:
Architecture                  tb(sum_top_tb)


-----------------------------------------------------------------------------------------------------------
Entity               | Architecture     | Library   | Info | Compiler Version        | Compilation Options
-----------------------------------------------------------------------------------------------------------
sum_top_tb           | tb               | sum_top   |      | 11.1.262.7351 (Windows) | -O3 -2008
sum_top              | structure        | sum_top   |      | 11.1.262.7351 (Windows) | -O3 -2008
cycloneii_io         | structure        | cycloneii |      | 11.1.262.7351 (Windows) | -strict93 -dbg -93
cycloneii_clkctrl    | vital_clkctrl    | cycloneii |      | 11.1.262.7351 (Windows) | -strict93 -dbg -93
cycloneii_lcell_comb | vital_lcell_comb | cycloneii |      | 11.1.262.7351 (Windows) | -strict93 -dbg -93
cycloneii_lcell_ff   | vital_lcell_ff   | cycloneii |      | 11.1.262.7351 (Windows) | -strict93 -dbg -93
cycloneii_mux21      | AltVITAL         | cycloneii |      | 11.1.262.7351 (Windows) | -strict93 -dbg -93
cycloneii_dffe       | behave           | cycloneii |      | 11.1.262.7351 (Windows) | -strict93 -dbg -93
cycloneii_asynch_io  | behave           | cycloneii |      | 11.1.262.7351 (Windows) | -strict93 -dbg -93
cycloneii_ena_reg    | behave           | cycloneii |      | 11.1.262.7351 (Windows) | -strict93 -dbg -93
cycloneii_and1       | AltVITAL         | cycloneii |      | 11.1.262.7351 (Windows) | -strict93 -dbg -93
-----------------------------------------------------------------------------------------------------------

-----------------------------------------------------------------------------------------------------------
VHDL Package                            | Library   | Info | Compiler Version        | Compilation Options
-----------------------------------------------------------------------------------------------------------
standard                                | std       |      |                         | <unavailable>
TEXTIO                                  | std       |      |                         | <unavailable>
std_logic_1164                          | ieee      |      |                         | <unavailable>
NUMERIC_STD                             | ieee      |      |                         | <unavailable>
ENV                                     | std       |      |                         | <unavailable>
VITAL_Timing                            | ieee      |      |                         | <unavailable>
VITAL_Primitives                        | ieee      |      |                         | <unavailable>
cycloneii_atom_pack                     | cycloneii |      |                         | <unavailable>
cycloneii_components                    | cycloneii |      |                         | <unavailable>
std_logic_arith                         | ieee      |      |                         | <unavailable>
-----------------------------------------------------------------------------------------------------------

-----------------------------------------------------------------------------------------------------------
Library                                 | Comment
-----------------------------------------------------------------------------------------------------------
cycloneii                               | None
ieee                                    | Standard IEEE packages library
std                                     | Standard VHDL library
sum_top                                 | None
-----------------------------------------------------------------------------------------------------------
