Info: Starting: Create block symbol file (.bsf)
Info: ip-generate --project-directory=D:/DE2/nios_epcs/ --output-directory=D:/DE2/nios_epcs/nios/ --report-file=bsf:D:/DE2/nios_epcs/nios.bsf --system-info=DEVICE_FAMILY="Cyclone II" --system-info=DEVICE=EP2C35F672C6 --system-info=DEVICE_SPEEDGRADE=6 --component-file=D:/DE2/nios_epcs/nios.qsys
Progress: Loading nios_epcs/nios.qsys
Progress: Reading input file
Progress: Adding clk [clock_source 13.0]
Progress: Parameterizing module clk
Progress: Adding nios2_qsys_0 [altera_nios2_qsys 13.0]
Progress: Parameterizing module nios2_qsys_0
Progress: Adding pio_0 [altera_avalon_pio 13.0.1.99.2]
Progress: Parameterizing module pio_0
Progress: Adding ext_sram_0 [ext_sram 1.1]
Progress: Parameterizing module ext_sram_0
Progress: Adding onchip_memory2_0 [altera_avalon_onchip_memory2 13.0.1.99.2]
Progress: Parameterizing module onchip_memory2_0
Progress: Building connections
Progress: Parameterizing connections
Progress: Validating
Progress: Done reading input file
Warning: nios.nios2_qsys_0: No Debugger.  You will not be able to download or debug programs
Info: ip-generate succeeded.
Info: Finished: Create block symbol file (.bsf)
Info: 
Info: Starting: Create HDL design files for synthesis
Info: ip-generate --project-directory=D:/DE2/nios_epcs/ --output-directory=D:/DE2/nios_epcs/nios/synthesis/ --file-set=QUARTUS_SYNTH --report-file=sopcinfo:D:/DE2/nios_epcs/nios.sopcinfo --report-file=html:D:/DE2/nios_epcs/nios.html --report-file=qip:D:/DE2/nios_epcs/nios/synthesis/nios.qip --report-file=cmp:D:/DE2/nios_epcs/nios.cmp --report-file=svd --system-info=DEVICE_FAMILY="Cyclone II" --system-info=DEVICE=EP2C35F672C6 --system-info=DEVICE_SPEEDGRADE=6 --component-file=D:/DE2/nios_epcs/nios.qsys --language=VHDL
Progress: Loading nios_epcs/nios.qsys
Progress: Reading input file
Progress: Adding clk [clock_source 13.0]
Progress: Parameterizing module clk
Progress: Adding nios2_qsys_0 [altera_nios2_qsys 13.0]
Progress: Parameterizing module nios2_qsys_0
Progress: Adding pio_0 [altera_avalon_pio 13.0.1.99.2]
Progress: Parameterizing module pio_0
Progress: Adding ext_sram_0 [ext_sram 1.1]
Progress: Parameterizing module ext_sram_0
Progress: Adding onchip_memory2_0 [altera_avalon_onchip_memory2 13.0.1.99.2]
Progress: Parameterizing module onchip_memory2_0
Progress: Building connections
Progress: Parameterizing connections
Progress: Validating
Progress: Done reading input file
Warning: nios.nios2_qsys_0: No Debugger.  You will not be able to download or debug programs
Info: nios: Generating nios "nios" for QUARTUS_SYNTH
Info: pipeline_bridge_swap_transform: After transform: 5 modules, 12 connections
Info: No custom instruction connections, skipping transform 
Warning: Translator ext_sram_0_avalon_slave_0_translator failed to match interface ext_sram_0.avalon_slave_0
Info: merlin_translator_transform: After transform: 10 modules, 27 connections
Info: merlin_domain_transform: After transform: 23 modules, 91 connections
Info: merlin_router_transform: After transform: 30 modules, 112 connections
Info: merlin_burst_transform: After transform: 31 modules, 115 connections
Info: reset_adaptation_transform: After transform: 32 modules, 117 connections
Info: merlin_network_to_switch_transform: After transform: 44 modules, 141 connections
Info: merlin_width_transform: After transform: 46 modules, 147 connections
Info: merlin_mm_transform: After transform: 46 modules, 147 connections
Info: merlin_interrupt_mapper_transform: After transform: 47 modules, 150 connections
Warning: nios: "No matching role found for ext_sram_0_avalon_slave_0_translator:avalon_anti_slave_0:av_chipselect (chipselect)"
Warning: nios: "No matching role found for ext_sram_0_avalon_slave_0_translator_avalon_anti_slave_0_agent:av:av_burstcount (burstcount)"
Warning: nios: "No matching role found for ext_sram_0_avalon_slave_0_translator_avalon_anti_slave_0_agent:av:av_waitrequest (waitrequest)"
Warning: nios: "No matching role found for ext_sram_0_avalon_slave_0_translator_avalon_anti_slave_0_agent:av:av_lock (lock)"
Warning: nios: "No matching role found for ext_sram_0_avalon_slave_0_translator_avalon_anti_slave_0_agent:av:av_read (read)"
Warning: nios: "No matching role found for ext_sram_0_avalon_slave_0_translator_avalon_anti_slave_0_agent:av:av_debugaccess (debugaccess)"
Warning: nios: "No matching role found for ext_sram_0_avalon_slave_0_translator_avalon_anti_slave_0_agent:av:av_readdatavalid (readdatavalid)"
Warning: nios: "No matching role found for ext_sram_0_avalon_slave_0_agent:m0:m0_waitrequest (waitrequest)"
Warning: nios: "No matching role found for ext_sram_0_avalon_slave_0_agent:m0:m0_burstcount (burstcount)"
Warning: nios: "No matching role found for ext_sram_0_avalon_slave_0_agent:m0:m0_lock (lock)"
Warning: nios: "No matching role found for ext_sram_0_avalon_slave_0_agent:m0:m0_read (read)"
Warning: nios: "No matching role found for ext_sram_0_avalon_slave_0_agent:m0:m0_readdatavalid (readdatavalid)"
Warning: nios: "No matching role found for ext_sram_0_avalon_slave_0_agent:m0:m0_debugaccess (debugaccess)"
Warning: nios: "No matching role found for ext_sram_0:avalon_slave_0:iCE_N (chipselect)"
Warning: nios: "No matching role found for ext_sram_0:avalon_slave_0:iOE_N (outputenable)"
Warning: nios: "No matching role found for rst_controller:reset_out:reset_req (reset_req)"
Warning: nios: "No matching role found for rst_controller:reset_out:reset_req (reset_req)"
Warning: nios: "No matching role found for rst_controller:reset_out:reset_req (reset_req)"
Warning: nios: "No matching role found for rst_controller:reset_out:reset_req (reset_req)"
Warning: nios: "No matching role found for rst_controller:reset_out:reset_req (reset_req)"
Warning: nios: "No matching role found for rst_controller:reset_out:reset_req (reset_req)"
Warning: nios: "No matching role found for rst_controller:reset_out:reset_req (reset_req)"
Warning: nios: "No matching role found for rst_controller:reset_out:reset_req (reset_req)"
Warning: nios: "No matching role found for rst_controller:reset_out:reset_req (reset_req)"
Warning: nios: "No matching role found for rst_controller:reset_out:reset_req (reset_req)"
Warning: nios: "No matching role found for rst_controller:reset_out:reset_req (reset_req)"
Warning: nios: "No matching role found for rst_controller:reset_out:reset_req (reset_req)"
Warning: nios: "No matching role found for rst_controller:reset_out:reset_req (reset_req)"
Warning: nios: "No matching role found for rst_controller:reset_out:reset_req (reset_req)"
Warning: nios: "No matching role found for rst_controller:reset_out:reset_req (reset_req)"
Warning: nios: "No matching role found for rst_controller:reset_out:reset_req (reset_req)"
Warning: nios: "No matching role found for rst_controller:reset_out:reset_req (reset_req)"
Warning: nios: "No matching role found for rst_controller:reset_out:reset_req (reset_req)"
Warning: nios: "No matching role found for rst_controller:reset_out:reset_req (reset_req)"
Warning: nios: "No matching role found for rst_controller:reset_out:reset_req (reset_req)"
Warning: nios: "No matching role found for rst_controller:reset_out:reset_req (reset_req)"
Warning: nios: "No matching role found for rst_controller:reset_out:reset_req (reset_req)"
Warning: nios: "No matching role found for rst_controller:reset_out:reset_req (reset_req)"
Warning: nios: "No matching role found for rst_controller:reset_out:reset_req (reset_req)"
Warning: nios: "No matching role found for rst_controller:reset_out:reset_req (reset_req)"
Warning: nios: "No matching role found for rst_controller:reset_out:reset_req (reset_req)"
Warning: nios: "No matching role found for rst_controller:reset_out:reset_req (reset_req)"
Warning: nios: "No matching role found for rst_controller:reset_out:reset_req (reset_req)"
Warning: nios: "No matching role found for rst_controller:reset_out:reset_req (reset_req)"
Warning: nios: "No matching role found for rst_controller:reset_out:reset_req (reset_req)"
Warning: nios: "No matching role found for rst_controller:reset_out:reset_req (reset_req)"
Warning: nios: "No matching role found for rst_controller:reset_out:reset_req (reset_req)"
Warning: nios: "No matching role found for rst_controller:reset_out:reset_req (reset_req)"
Warning: nios: "No matching role found for rst_controller:reset_out:reset_req (reset_req)"
Warning: nios: "No matching role found for rst_controller:reset_out:reset_req (reset_req)"
Warning: nios: "No matching role found for rst_controller:reset_out:reset_req (reset_req)"
Warning: nios: "No matching role found for rst_controller:reset_out:reset_req (reset_req)"
Warning: nios: "No matching role found for rst_controller:reset_out:reset_req (reset_req)"
Warning: nios: "No matching role found for rst_controller:reset_out:reset_req (reset_req)"
Warning: nios: "No matching role found for rst_controller:reset_out:reset_req (reset_req)"
Warning: nios: "No matching role found for rst_controller:reset_out:reset_req (reset_req)"
Warning: nios: "No matching role found for rst_controller:reset_out:reset_req (reset_req)"
Warning: nios: "No matching role found for rst_controller:reset_out:reset_req (reset_req)"
Warning: nios: "No matching role found for rst_controller:reset_out:reset_req (reset_req)"
Info: nios2_qsys_0: Starting RTL generation for module 'nios_nios2_qsys_0'
Info: nios2_qsys_0:   Generation command is [exec C:/altera/13.0sp1/quartus/../ip/altera/nios2_ip/altera_nios2/eperl.exe -I C:/altera/13.0sp1/quartus/common/ip/altera/common/perl/5.8.3 -I C:/altera/13.0sp1/quartus/sopc_builder/bin/europa -I C:/altera/13.0sp1/quartus/sopc_builder/bin/perl_lib -I C:/altera/13.0sp1/quartus/sopc_builder/bin -I C:/altera/13.0sp1/quartus/../ip/altera/nios2_ip/altera_nios2/cpu_lib -I C:/altera/13.0sp1/quartus/../ip/altera/nios2_ip/altera_nios2/nios_lib -I C:/altera/13.0sp1/quartus/../ip/altera/nios2_ip/altera_nios2 -I C:/altera/13.0sp1/quartus/../ip/altera/nios2_ip/altera_nios2 -- C:/altera/13.0sp1/quartus/../ip/altera/nios2_ip/altera_nios2/generate_rtl.epl --name=nios_nios2_qsys_0 --dir=C:/Users/Artem/AppData/Local/Temp/alt8560_4089967592189063706.dir/0032_nios2_qsys_0_gen/ --quartus_dir=C:/altera/13.0sp1/quartus --verilog --config=C:/Users/Artem/AppData/Local/Temp/alt8560_4089967592189063706.dir/0032_nios2_qsys_0_gen//nios_nios2_qsys_0_processor_configuration.pl  --do_build_sim=0    --bogus  ]
Info: nios2_qsys_0: # 2020.10.25 19:18:58 (*) Starting Nios II generation
Info: nios2_qsys_0: # 2020.10.25 19:18:58 (*)   Checking for plaintext license.
Info: nios2_qsys_0: # 2020.10.25 19:18:59 (*)   Couldn't query license setup in Quartus directory C:/altera/13.0sp1/quartus
Info: nios2_qsys_0: # 2020.10.25 19:18:59 (*)   Defaulting to contents of LM_LICENSE_FILE environment variable
Info: nios2_qsys_0: # 2020.10.25 19:18:59 (*)   Plaintext license not found.
Info: nios2_qsys_0: # 2020.10.25 19:18:59 (*)   No license required to generate encrypted Nios II/e.
Info: nios2_qsys_0: # 2020.10.25 19:18:59 (*)   Elaborating CPU configuration settings
Info: nios2_qsys_0: # 2020.10.25 19:19:00 (*)   Creating all objects for CPU
Info: nios2_qsys_0: # 2020.10.25 19:19:00 (*)   Generating RTL from CPU objects
Info: nios2_qsys_0: # 2020.10.25 19:19:00 (*)   Creating plain-text RTL
Info: nios2_qsys_0: # 2020.10.25 19:19:01 (*) Done Nios II generation
Info: nios2_qsys_0: Done RTL generation for module 'nios_nios2_qsys_0'
Info: nios2_qsys_0: "nios" instantiated altera_nios2_qsys "nios2_qsys_0"
Info: pio_0: Starting RTL generation for module 'nios_pio_0'
Info: pio_0:   Generation command is [exec C:/altera/13.0sp1/quartus/bin/perl/bin/perl.exe -I C:/altera/13.0sp1/quartus/common/ip/altera/common/perl/5.8.3 -I C:/altera/13.0sp1/quartus/sopc_builder/bin/europa -I C:/altera/13.0sp1/quartus/sopc_builder/bin/perl_lib -I C:/altera/13.0sp1/quartus/sopc_builder/bin -I C:/altera/13.0sp1/quartus/../ip/altera/sopc_builder_ip/common -I C:/altera/13.0sp1/quartus/../ip/altera/sopc_builder_ip/altera_avalon_pio -- C:/altera/13.0sp1/quartus/../ip/altera/sopc_builder_ip/altera_avalon_pio/generate_rtl.pl --name=nios_pio_0 --dir=C:/Users/Artem/AppData/Local/Temp/alt8560_4089967592189063706.dir/0033_pio_0_gen/ --quartus_dir=C:/altera/13.0sp1/quartus --verilog --config=C:/Users/Artem/AppData/Local/Temp/alt8560_4089967592189063706.dir/0033_pio_0_gen//nios_pio_0_component_configuration.pl  --do_build_sim=0  ]
Info: pio_0: Done RTL generation for module 'nios_pio_0'
Info: pio_0: "nios" instantiated altera_avalon_pio "pio_0"
Info: ext_sram_0: "nios" instantiated ext_sram "ext_sram_0"
Info: onchip_memory2_0: Starting RTL generation for module 'nios_onchip_memory2_0'
Info: onchip_memory2_0:   Generation command is [exec C:/altera/13.0sp1/quartus/bin/perl/bin/perl.exe -I C:/altera/13.0sp1/quartus/common/ip/altera/common/perl/5.8.3 -I C:/altera/13.0sp1/quartus/sopc_builder/bin/europa -I C:/altera/13.0sp1/quartus/sopc_builder/bin/perl_lib -I C:/altera/13.0sp1/quartus/sopc_builder/bin -I C:/altera/13.0sp1/quartus/../ip/altera/sopc_builder_ip/common -I C:/altera/13.0sp1/quartus/../ip/altera/sopc_builder_ip/altera_avalon_onchip_memory2 -- C:/altera/13.0sp1/quartus/../ip/altera/sopc_builder_ip/altera_avalon_onchip_memory2/generate_rtl.pl --name=nios_onchip_memory2_0 --dir=C:/Users/Artem/AppData/Local/Temp/alt8560_4089967592189063706.dir/0035_onchip_memory2_0_gen/ --quartus_dir=C:/altera/13.0sp1/quartus --verilog --config=C:/Users/Artem/AppData/Local/Temp/alt8560_4089967592189063706.dir/0035_onchip_memory2_0_gen//nios_onchip_memory2_0_component_configuration.pl  --do_build_sim=0  ]
Info: onchip_memory2_0: Done RTL generation for module 'nios_onchip_memory2_0'
Info: onchip_memory2_0: "nios" instantiated altera_avalon_onchip_memory2 "onchip_memory2_0"
Info: nios2_qsys_0_data_master_translator: "nios" instantiated altera_merlin_master_translator "nios2_qsys_0_data_master_translator"
Info: ext_sram_0_avalon_slave_0_translator: "nios" instantiated altera_merlin_slave_translator "ext_sram_0_avalon_slave_0_translator"
Info: nios2_qsys_0_data_master_translator_avalon_universal_master_0_agent: "nios" instantiated altera_merlin_master_agent "nios2_qsys_0_data_master_translator_avalon_universal_master_0_agent"
Info: ext_sram_0_avalon_slave_0_translator_avalon_universal_slave_0_agent: "nios" instantiated altera_merlin_slave_agent "ext_sram_0_avalon_slave_0_translator_avalon_universal_slave_0_agent"
Info: ext_sram_0_avalon_slave_0_translator_avalon_universal_slave_0_agent_rsp_fifo: "nios" instantiated altera_avalon_sc_fifo "ext_sram_0_avalon_slave_0_translator_avalon_universal_slave_0_agent_rsp_fifo"
Info: addr_router: "nios" instantiated altera_merlin_router "addr_router"
Info: addr_router_001: "nios" instantiated altera_merlin_router "addr_router_001"
Info: id_router: "nios" instantiated altera_merlin_router "id_router"
Info: id_router_001: "nios" instantiated altera_merlin_router "id_router_001"
Info: addr_router_002: "nios" instantiated altera_merlin_router "addr_router_002"
Info: id_router_003: "nios" instantiated altera_merlin_router "id_router_003"
Info: burst_adapter: "nios" instantiated altera_merlin_burst_adapter "burst_adapter"
Info: rst_controller: "nios" instantiated altera_reset_controller "rst_controller"
Info: cmd_xbar_demux: "nios" instantiated altera_merlin_demultiplexer "cmd_xbar_demux"
Info: cmd_xbar_demux_001: "nios" instantiated altera_merlin_demultiplexer "cmd_xbar_demux_001"
Info: cmd_xbar_mux: "nios" instantiated altera_merlin_multiplexer "cmd_xbar_mux"
Info: rsp_xbar_demux: "nios" instantiated altera_merlin_demultiplexer "rsp_xbar_demux"
Info: rsp_xbar_mux: "nios" instantiated altera_merlin_multiplexer "rsp_xbar_mux"
Info: Reusing file D:/DE2/nios_epcs/nios/synthesis/submodules/altera_merlin_arbitrator.sv
Info: cmd_xbar_demux_002: "nios" instantiated altera_merlin_demultiplexer "cmd_xbar_demux_002"
Info: width_adapter: "nios" instantiated altera_merlin_width_adapter "width_adapter"
Info: Reusing file D:/DE2/nios_epcs/nios/synthesis/submodules/altera_merlin_address_alignment.sv
Info: Reusing file D:/DE2/nios_epcs/nios/synthesis/submodules/altera_merlin_burst_uncompressor.sv
Info: irq_mapper: "nios" instantiated altera_irq_mapper "irq_mapper"
Info: nios: Done nios" with 26 modules, 93 files, 1900380 bytes
Info: ip-generate succeeded.
Info: Finished: Create HDL design files for synthesis
