Active-HDL 11.1.262.7351 2021-10-14 14:48:11

Elaboration top modules:
Architecture                  tb(sem7_comb_tb)


-----------------------------------------------------------------------------------------------
Entity       | Architecture | Library   | Info | Compiler Version        | Compilation Options
-----------------------------------------------------------------------------------------------
sem7_comb_tb | tb           | seg7_comb |      | 11.1.262.7351 (Windows) | -O3 -2008
seg7_comb    | rtl          | seg7_comb |      | 11.1.262.7351 (Windows) | -O3 -2008
seg7         | rtl          | seg7_comb |      | 11.1.262.7351 (Windows) | -O3 -2008
-----------------------------------------------------------------------------------------------

-----------------------------------------------------------------------------------------------
VHDL Package                | Library   | Info | Compiler Version        | Compilation Options
-----------------------------------------------------------------------------------------------
standard                    | std       |      |                         | <unavailable>
TEXTIO                      | std       |      |                         | <unavailable>
std_logic_1164              | ieee      |      |                         | <unavailable>
ENV                         | std       |      |                         | <unavailable>
NUMERIC_STD                 | ieee      |      |                         | <unavailable>
converters                  | seg7_comb |      |                         | <unavailable>
-----------------------------------------------------------------------------------------------

-----------------------------------------------------------------------------------------------
Library                     | Comment
-----------------------------------------------------------------------------------------------
ieee                        | Standard IEEE packages library
seg7_comb                   | None
std                         | Standard VHDL library
-----------------------------------------------------------------------------------------------
