Analysis & Synthesis report for lr3
Fri Dec 04 19:30:23 2020
Quartus II 64-Bit Version 13.0.1 Build 232 06/12/2013 Service Pack 1 SJ Web Edition


---------------------
; Table of Contents ;
---------------------
  1. Legal Notice
  2. Analysis & Synthesis Summary
  3. Analysis & Synthesis Settings
  4. Parallel Compilation
  5. Analysis & Synthesis Source Files Read
  6. Analysis & Synthesis Resource Usage Summary
  7. Analysis & Synthesis Resource Utilization by Entity
  8. Analysis & Synthesis RAM Summary
  9. Analysis & Synthesis IP Cores Summary
 10. General Register Statistics
 11. Source assignments for table_99:table1|altsyncram:altsyncram_component|altsyncram_ht71:auto_generated
 12. Source assignments for table_99:table2|altsyncram:altsyncram_component|altsyncram_ht71:auto_generated
 13. Source assignments for table_99:table3|altsyncram:altsyncram_component|altsyncram_ht71:auto_generated
 14. Parameter Settings for User Entity Instance: table_99:table1|altsyncram:altsyncram_component
 15. Parameter Settings for User Entity Instance: table_99:table2|altsyncram:altsyncram_component
 16. Parameter Settings for User Entity Instance: add_sub_clock:add_sub1|add:addsub_1|lpm_add_sub:LPM_ADD_SUB_component
 17. Parameter Settings for User Entity Instance: table_99:table3|altsyncram:altsyncram_component
 18. altsyncram Parameter Settings by Entity Instance
 19. Elapsed Time Per Partition
 20. Analysis & Synthesis Messages



----------------
; Legal Notice ;
----------------
Copyright (C) 1991-2013 Altera Corporation
Your use of Altera Corporation's design tools, logic functions 
and other software and tools, and its AMPP partner logic 
functions, and any output files from any of the foregoing 
(including device programming or simulation files), and any 
associated documentation or information are expressly subject 
to the terms and conditions of the Altera Program License 
Subscription Agreement, Altera MegaCore Function License 
Agreement, or other applicable license agreement, including, 
without limitation, that your use is for the sole purpose of 
programming logic devices manufactured by Altera and sold by 
Altera or its authorized distributors.  Please refer to the 
applicable agreement for further details.



+--------------------------------------------------------------------------------------+
; Analysis & Synthesis Summary                                                         ;
+------------------------------------+-------------------------------------------------+
; Analysis & Synthesis Status        ; Successful - Fri Dec 04 19:30:23 2020           ;
; Quartus II 64-Bit Version          ; 13.0.1 Build 232 06/12/2013 SP 1 SJ Web Edition ;
; Revision Name                      ; lr3                                             ;
; Top-level Entity Name              ; calc                                            ;
; Family                             ; Cyclone II                                      ;
; Total logic elements               ; 107                                             ;
;     Total combinational functions  ; 92                                              ;
;     Dedicated logic registers      ; 79                                              ;
; Total registers                    ; 79                                              ;
; Total pins                         ; 50                                              ;
; Total virtual pins                 ; 0                                               ;
; Total memory bits                  ; 3,072                                           ;
; Embedded Multiplier 9-bit elements ; 0                                               ;
; Total PLLs                         ; 0                                               ;
+------------------------------------+-------------------------------------------------+


+----------------------------------------------------------------------------------------------------------------------+
; Analysis & Synthesis Settings                                                                                        ;
+----------------------------------------------------------------------------+--------------------+--------------------+
; Option                                                                     ; Setting            ; Default Value      ;
+----------------------------------------------------------------------------+--------------------+--------------------+
; Device                                                                     ; EP2C35F672C6       ;                    ;
; Top-level entity name                                                      ; calc               ; lr3                ;
; Family name                                                                ; Cyclone II         ; Cyclone IV GX      ;
; VHDL Show LMF Mapping Messages                                             ; Off                ;                    ;
; VHDL Version                                                               ; VHDL_2008          ; VHDL_1993          ;
; Use smart compilation                                                      ; Off                ; Off                ;
; Enable parallel Assembler and TimeQuest Timing Analyzer during compilation ; On                 ; On                 ;
; Enable compact report table                                                ; Off                ; Off                ;
; Restructure Multiplexers                                                   ; Auto               ; Auto               ;
; Create Debugging Nodes for IP Cores                                        ; Off                ; Off                ;
; Preserve fewer node names                                                  ; On                 ; On                 ;
; Disable OpenCore Plus hardware evaluation                                  ; Off                ; Off                ;
; Verilog Version                                                            ; Verilog_2001       ; Verilog_2001       ;
; State Machine Processing                                                   ; Auto               ; Auto               ;
; Safe State Machine                                                         ; Off                ; Off                ;
; Extract Verilog State Machines                                             ; On                 ; On                 ;
; Extract VHDL State Machines                                                ; On                 ; On                 ;
; Ignore Verilog initial constructs                                          ; Off                ; Off                ;
; Iteration limit for constant Verilog loops                                 ; 5000               ; 5000               ;
; Iteration limit for non-constant Verilog loops                             ; 250                ; 250                ;
; Add Pass-Through Logic to Inferred RAMs                                    ; On                 ; On                 ;
; Infer RAMs from Raw Logic                                                  ; On                 ; On                 ;
; Parallel Synthesis                                                         ; On                 ; On                 ;
; DSP Block Balancing                                                        ; Auto               ; Auto               ;
; NOT Gate Push-Back                                                         ; On                 ; On                 ;
; Power-Up Don't Care                                                        ; On                 ; On                 ;
; Remove Redundant Logic Cells                                               ; Off                ; Off                ;
; Remove Duplicate Registers                                                 ; On                 ; On                 ;
; Ignore CARRY Buffers                                                       ; Off                ; Off                ;
; Ignore CASCADE Buffers                                                     ; Off                ; Off                ;
; Ignore GLOBAL Buffers                                                      ; Off                ; Off                ;
; Ignore ROW GLOBAL Buffers                                                  ; Off                ; Off                ;
; Ignore LCELL Buffers                                                       ; Off                ; Off                ;
; Ignore SOFT Buffers                                                        ; On                 ; On                 ;
; Limit AHDL Integers to 32 Bits                                             ; Off                ; Off                ;
; Optimization Technique                                                     ; Balanced           ; Balanced           ;
; Carry Chain Length                                                         ; 70                 ; 70                 ;
; Auto Carry Chains                                                          ; On                 ; On                 ;
; Auto Open-Drain Pins                                                       ; On                 ; On                 ;
; Perform WYSIWYG Primitive Resynthesis                                      ; Off                ; Off                ;
; Auto ROM Replacement                                                       ; On                 ; On                 ;
; Auto RAM Replacement                                                       ; On                 ; On                 ;
; Auto Shift Register Replacement                                            ; Auto               ; Auto               ;
; Allow Shift Register Merging across Hierarchies                            ; Auto               ; Auto               ;
; Auto Clock Enable Replacement                                              ; On                 ; On                 ;
; Strict RAM Replacement                                                     ; Off                ; Off                ;
; Allow Synchronous Control Signals                                          ; On                 ; On                 ;
; Force Use of Synchronous Clear Signals                                     ; Off                ; Off                ;
; Auto RAM to Logic Cell Conversion                                          ; Off                ; Off                ;
; Auto Resource Sharing                                                      ; Off                ; Off                ;
; Allow Any RAM Size For Recognition                                         ; Off                ; Off                ;
; Allow Any ROM Size For Recognition                                         ; Off                ; Off                ;
; Allow Any Shift Register Size For Recognition                              ; Off                ; Off                ;
; Use LogicLock Constraints during Resource Balancing                        ; On                 ; On                 ;
; Ignore translate_off and synthesis_off directives                          ; Off                ; Off                ;
; Timing-Driven Synthesis                                                    ; Off                ; Off                ;
; Report Parameter Settings                                                  ; On                 ; On                 ;
; Report Source Assignments                                                  ; On                 ; On                 ;
; Report Connectivity Checks                                                 ; On                 ; On                 ;
; Ignore Maximum Fan-Out Assignments                                         ; Off                ; Off                ;
; Synchronization Register Chain Length                                      ; 2                  ; 2                  ;
; PowerPlay Power Optimization                                               ; Normal compilation ; Normal compilation ;
; HDL message level                                                          ; Level2             ; Level2             ;
; Suppress Register Optimization Related Messages                            ; Off                ; Off                ;
; Number of Removed Registers Reported in Synthesis Report                   ; 5000               ; 5000               ;
; Number of Swept Nodes Reported in Synthesis Report                         ; 5000               ; 5000               ;
; Number of Inverted Registers Reported in Synthesis Report                  ; 100                ; 100                ;
; Clock MUX Protection                                                       ; On                 ; On                 ;
; Auto Gated Clock Conversion                                                ; Off                ; Off                ;
; Block Design Naming                                                        ; Auto               ; Auto               ;
; SDC constraint protection                                                  ; Off                ; Off                ;
; Synthesis Effort                                                           ; Auto               ; Auto               ;
; Shift Register Replacement - Allow Asynchronous Clear Signal               ; On                 ; On                 ;
; Pre-Mapping Resynthesis Optimization                                       ; Off                ; Off                ;
; Analysis & Synthesis Message Level                                         ; Medium             ; Medium             ;
; Disable Register Merging Across Hierarchies                                ; Auto               ; Auto               ;
; Resource Aware Inference For Block RAM                                     ; On                 ; On                 ;
; Synthesis Seed                                                             ; 1                  ; 1                  ;
+----------------------------------------------------------------------------+--------------------+--------------------+


Parallel compilation was disabled, but you have multiple processors available. Enable parallel compilation to reduce compilation time.
+-------------------------------------+
; Parallel Compilation                ;
+----------------------------+--------+
; Processors                 ; Number ;
+----------------------------+--------+
; Number detected on machine ; 4      ;
; Maximum allowed            ; 1      ;
+----------------------------+--------+


+-----------------------------------------------------------------------------------------------------------------------------------------------------------------------------------+
; Analysis & Synthesis Source Files Read                                                                                                                                            ;
+----------------------------------+-----------------+----------------------------------------+---------------------------------------------------------------------------+---------+
; File Name with User-Entered Path ; Used in Netlist ; File Type                              ; File Name with Absolute Path                                              ; Library ;
+----------------------------------+-----------------+----------------------------------------+---------------------------------------------------------------------------+---------+
; src/decoder.vhd                  ; yes             ; User VHDL File                         ; D:/DE2/lr/src/decoder.vhd                                                 ;         ;
; src/count.vhd                    ; yes             ; User VHDL File                         ; D:/DE2/lr/src/count.vhd                                                   ;         ;
; src/calc.vhd                     ; yes             ; User VHDL File                         ; D:/DE2/lr/src/calc.vhd                                                    ;         ;
; src/add_sub_clock.vhd            ; yes             ; User VHDL File                         ; D:/DE2/lr/src/add_sub_clock.vhd                                           ;         ;
; src/ip/add.vhd                   ; yes             ; User Wizard-Generated File             ; D:/DE2/lr/src/ip/add.vhd                                                  ;         ;
; src/ip/table_99.vhd              ; yes             ; User Wizard-Generated File             ; D:/DE2/lr/src/ip/table_99.vhd                                             ;         ;
; altsyncram.tdf                   ; yes             ; Megafunction                           ; c:/altera/13.0sp1/quartus/libraries/megafunctions/altsyncram.tdf          ;         ;
; stratix_ram_block.inc            ; yes             ; Megafunction                           ; c:/altera/13.0sp1/quartus/libraries/megafunctions/stratix_ram_block.inc   ;         ;
; lpm_mux.inc                      ; yes             ; Megafunction                           ; c:/altera/13.0sp1/quartus/libraries/megafunctions/lpm_mux.inc             ;         ;
; lpm_decode.inc                   ; yes             ; Megafunction                           ; c:/altera/13.0sp1/quartus/libraries/megafunctions/lpm_decode.inc          ;         ;
; aglobal130.inc                   ; yes             ; Megafunction                           ; c:/altera/13.0sp1/quartus/libraries/megafunctions/aglobal130.inc          ;         ;
; a_rdenreg.inc                    ; yes             ; Megafunction                           ; c:/altera/13.0sp1/quartus/libraries/megafunctions/a_rdenreg.inc           ;         ;
; altrom.inc                       ; yes             ; Megafunction                           ; c:/altera/13.0sp1/quartus/libraries/megafunctions/altrom.inc              ;         ;
; altram.inc                       ; yes             ; Megafunction                           ; c:/altera/13.0sp1/quartus/libraries/megafunctions/altram.inc              ;         ;
; altdpram.inc                     ; yes             ; Megafunction                           ; c:/altera/13.0sp1/quartus/libraries/megafunctions/altdpram.inc            ;         ;
; db/altsyncram_ht71.tdf           ; yes             ; Auto-Generated Megafunction            ; D:/DE2/lr/db/altsyncram_ht71.tdf                                          ;         ;
; src/ip/table_99.hex              ; yes             ; Auto-Found Memory Initialization File  ; D:/DE2/lr/src/ip/table_99.hex                                             ;         ;
; lpm_add_sub.tdf                  ; yes             ; Megafunction                           ; c:/altera/13.0sp1/quartus/libraries/megafunctions/lpm_add_sub.tdf         ;         ;
; addcore.inc                      ; yes             ; Megafunction                           ; c:/altera/13.0sp1/quartus/libraries/megafunctions/addcore.inc             ;         ;
; look_add.inc                     ; yes             ; Megafunction                           ; c:/altera/13.0sp1/quartus/libraries/megafunctions/look_add.inc            ;         ;
; bypassff.inc                     ; yes             ; Megafunction                           ; c:/altera/13.0sp1/quartus/libraries/megafunctions/bypassff.inc            ;         ;
; altshift.inc                     ; yes             ; Megafunction                           ; c:/altera/13.0sp1/quartus/libraries/megafunctions/altshift.inc            ;         ;
; alt_stratix_add_sub.inc          ; yes             ; Megafunction                           ; c:/altera/13.0sp1/quartus/libraries/megafunctions/alt_stratix_add_sub.inc ;         ;
; db/add_sub_ueh.tdf               ; yes             ; Auto-Generated Megafunction            ; D:/DE2/lr/db/add_sub_ueh.tdf                                              ;         ;
+----------------------------------+-----------------+----------------------------------------+---------------------------------------------------------------------------+---------+


+--------------------------------------------------------+
; Analysis & Synthesis Resource Usage Summary            ;
+---------------------------------------------+----------+
; Resource                                    ; Usage    ;
+---------------------------------------------+----------+
; Estimated Total logic elements              ; 107      ;
;                                             ;          ;
; Total combinational functions               ; 92       ;
; Logic element usage by number of LUT inputs ;          ;
;     -- 4 input functions                    ; 53       ;
;     -- 3 input functions                    ; 15       ;
;     -- <=2 input functions                  ; 24       ;
;                                             ;          ;
; Logic elements by mode                      ;          ;
;     -- normal mode                          ; 72       ;
;     -- arithmetic mode                      ; 20       ;
;                                             ;          ;
; Total registers                             ; 79       ;
;     -- Dedicated logic registers            ; 79       ;
;     -- I/O registers                        ; 0        ;
;                                             ;          ;
; I/O pins                                    ; 50       ;
; Total memory bits                           ; 3072     ;
; Embedded Multiplier 9-bit elements          ; 0        ;
; Maximum fan-out node                        ; clock_50 ;
; Maximum fan-out                             ; 89       ;
; Total fan-out                               ; 708      ;
; Average fan-out                             ; 2.89     ;
+---------------------------------------------+----------+


+----------------------------------------------------------------------------------------------------------------------------------------------------------------------------------------------------------------------------------------------------------------------------------+
; Analysis & Synthesis Resource Utilization by Entity                                                                                                                                                                                                                              ;
+----------------------------------------------+-------------------+--------------+-------------+--------------+---------+-----------+------+--------------+--------------------------------------------------------------------------------------------------------+--------------+
; Compilation Hierarchy Node                   ; LC Combinationals ; LC Registers ; Memory Bits ; DSP Elements ; DSP 9x9 ; DSP 18x18 ; Pins ; Virtual Pins ; Full Hierarchy Name                                                                                    ; Library Name ;
+----------------------------------------------+-------------------+--------------+-------------+--------------+---------+-----------+------+--------------+--------------------------------------------------------------------------------------------------------+--------------+
; |calc                                        ; 92 (0)            ; 79 (0)       ; 3072        ; 0            ; 0       ; 0         ; 50   ; 0            ; |calc                                                                                                  ; work         ;
;    |add_sub_clock:add_sub1|                  ; 26 (9)            ; 23 (23)      ; 0           ; 0            ; 0       ; 0         ; 0    ; 0            ; |calc|add_sub_clock:add_sub1                                                                           ; work         ;
;       |add:addsub_1|                         ; 17 (0)            ; 0 (0)        ; 0           ; 0            ; 0       ; 0         ; 0    ; 0            ; |calc|add_sub_clock:add_sub1|add:addsub_1                                                              ; work         ;
;          |lpm_add_sub:LPM_ADD_SUB_component| ; 17 (0)            ; 0 (0)        ; 0           ; 0            ; 0       ; 0         ; 0    ; 0            ; |calc|add_sub_clock:add_sub1|add:addsub_1|lpm_add_sub:LPM_ADD_SUB_component                            ; work         ;
;             |add_sub_ueh:auto_generated|     ; 17 (17)           ; 0 (0)        ; 0           ; 0            ; 0       ; 0         ; 0    ; 0            ; |calc|add_sub_clock:add_sub1|add:addsub_1|lpm_add_sub:LPM_ADD_SUB_component|add_sub_ueh:auto_generated ; work         ;
;    |count:count1|                            ; 12 (12)           ; 7 (7)        ; 0           ; 0            ; 0       ; 0         ; 0    ; 0            ; |calc|count:count1                                                                                     ; work         ;
;    |count:count2|                            ; 12 (12)           ; 7 (7)        ; 0           ; 0            ; 0       ; 0         ; 0    ; 0            ; |calc|count:count2                                                                                     ; work         ;
;    |decoder:decoder1_1|                      ; 7 (7)             ; 7 (7)        ; 0           ; 0            ; 0       ; 0         ; 0    ; 0            ; |calc|decoder:decoder1_1                                                                               ; work         ;
;    |decoder:decoder1_2|                      ; 7 (7)             ; 7 (7)        ; 0           ; 0            ; 0       ; 0         ; 0    ; 0            ; |calc|decoder:decoder1_2                                                                               ; work         ;
;    |decoder:decoder2_1|                      ; 7 (7)             ; 7 (7)        ; 0           ; 0            ; 0       ; 0         ; 0    ; 0            ; |calc|decoder:decoder2_1                                                                               ; work         ;
;    |decoder:decoder2_2|                      ; 7 (7)             ; 7 (7)        ; 0           ; 0            ; 0       ; 0         ; 0    ; 0            ; |calc|decoder:decoder2_2                                                                               ; work         ;
;    |decoder:decoder3_1|                      ; 7 (7)             ; 7 (7)        ; 0           ; 0            ; 0       ; 0         ; 0    ; 0            ; |calc|decoder:decoder3_1                                                                               ; work         ;
;    |decoder:decoder3_2|                      ; 7 (7)             ; 7 (7)        ; 0           ; 0            ; 0       ; 0         ; 0    ; 0            ; |calc|decoder:decoder3_2                                                                               ; work         ;
;    |table_99:table1|                         ; 0 (0)             ; 0 (0)        ; 1024        ; 0            ; 0       ; 0         ; 0    ; 0            ; |calc|table_99:table1                                                                                  ; work         ;
;       |altsyncram:altsyncram_component|      ; 0 (0)             ; 0 (0)        ; 1024        ; 0            ; 0       ; 0         ; 0    ; 0            ; |calc|table_99:table1|altsyncram:altsyncram_component                                                  ; work         ;
;          |altsyncram_ht71:auto_generated|    ; 0 (0)             ; 0 (0)        ; 1024        ; 0            ; 0       ; 0         ; 0    ; 0            ; |calc|table_99:table1|altsyncram:altsyncram_component|altsyncram_ht71:auto_generated                   ; work         ;
;    |table_99:table2|                         ; 0 (0)             ; 0 (0)        ; 1024        ; 0            ; 0       ; 0         ; 0    ; 0            ; |calc|table_99:table2                                                                                  ; work         ;
;       |altsyncram:altsyncram_component|      ; 0 (0)             ; 0 (0)        ; 1024        ; 0            ; 0       ; 0         ; 0    ; 0            ; |calc|table_99:table2|altsyncram:altsyncram_component                                                  ; work         ;
;          |altsyncram_ht71:auto_generated|    ; 0 (0)             ; 0 (0)        ; 1024        ; 0            ; 0       ; 0         ; 0    ; 0            ; |calc|table_99:table2|altsyncram:altsyncram_component|altsyncram_ht71:auto_generated                   ; work         ;
;    |table_99:table3|                         ; 0 (0)             ; 0 (0)        ; 1024        ; 0            ; 0       ; 0         ; 0    ; 0            ; |calc|table_99:table3                                                                                  ; work         ;
;       |altsyncram:altsyncram_component|      ; 0 (0)             ; 0 (0)        ; 1024        ; 0            ; 0       ; 0         ; 0    ; 0            ; |calc|table_99:table3|altsyncram:altsyncram_component                                                  ; work         ;
;          |altsyncram_ht71:auto_generated|    ; 0 (0)             ; 0 (0)        ; 1024        ; 0            ; 0       ; 0         ; 0    ; 0            ; |calc|table_99:table3|altsyncram:altsyncram_component|altsyncram_ht71:auto_generated                   ; work         ;
+----------------------------------------------+-------------------+--------------+-------------+--------------+---------+-----------+------+--------------+--------------------------------------------------------------------------------------------------------+--------------+
Note: For table entries with two numbers listed, the numbers in parentheses indicate the number of resources of the given type used by the specific entity alone. The numbers listed outside of parentheses indicate the total resources of the given type used by the specific entity and all of its sub-entities in the hierarchy.


+----------------------------------------------------------------------------------------------------------------------------------------------------------------------------------------------------+
; Analysis & Synthesis RAM Summary                                                                                                                                                                   ;
+-------------------------------------------------------------------------------------------+------+------+--------------+--------------+--------------+--------------+------+-----------------------+
; Name                                                                                      ; Type ; Mode ; Port A Depth ; Port A Width ; Port B Depth ; Port B Width ; Size ; MIF                   ;
+-------------------------------------------------------------------------------------------+------+------+--------------+--------------+--------------+--------------+------+-----------------------+
; table_99:table1|altsyncram:altsyncram_component|altsyncram_ht71:auto_generated|ALTSYNCRAM ; AUTO ; ROM  ; 128          ; 8            ; --           ; --           ; 1024 ; ./src/ip/table_99.hex ;
; table_99:table2|altsyncram:altsyncram_component|altsyncram_ht71:auto_generated|ALTSYNCRAM ; AUTO ; ROM  ; 128          ; 8            ; --           ; --           ; 1024 ; ./src/ip/table_99.hex ;
; table_99:table3|altsyncram:altsyncram_component|altsyncram_ht71:auto_generated|ALTSYNCRAM ; AUTO ; ROM  ; 128          ; 8            ; --           ; --           ; 1024 ; ./src/ip/table_99.hex ;
+-------------------------------------------------------------------------------------------+------+------+--------------+--------------+--------------+--------------+------+-----------------------+


+-------------------------------------------------------------------------------------------------------------------------------------------+
; Analysis & Synthesis IP Cores Summary                                                                                                     ;
+--------+--------------+---------+--------------+--------------+-------------------------------------------+-------------------------------+
; Vendor ; IP Core Name ; Version ; Release Date ; License Type ; Entity Instance                           ; IP Include File               ;
+--------+--------------+---------+--------------+--------------+-------------------------------------------+-------------------------------+
; Altera ; LPM_ADD_SUB  ; 13.0    ; N/A          ; N/A          ; |calc|add_sub_clock:add_sub1|add:addsub_1 ; D:/DE2/lr/src/ip/add.vhd      ;
; Altera ; ROM: 1-PORT  ; 13.0    ; N/A          ; N/A          ; |calc|table_99:table1                     ; D:/DE2/lr/src/ip/table_99.vhd ;
; Altera ; ROM: 1-PORT  ; 13.0    ; N/A          ; N/A          ; |calc|table_99:table2                     ; D:/DE2/lr/src/ip/table_99.vhd ;
; Altera ; ROM: 1-PORT  ; 13.0    ; N/A          ; N/A          ; |calc|table_99:table3                     ; D:/DE2/lr/src/ip/table_99.vhd ;
+--------+--------------+---------+--------------+--------------+-------------------------------------------+-------------------------------+


+------------------------------------------------------+
; General Register Statistics                          ;
+----------------------------------------------+-------+
; Statistic                                    ; Value ;
+----------------------------------------------+-------+
; Total registers                              ; 79    ;
; Number of registers using Synchronous Clear  ; 0     ;
; Number of registers using Synchronous Load   ; 0     ;
; Number of registers using Asynchronous Clear ; 14    ;
; Number of registers using Asynchronous Load  ; 0     ;
; Number of registers using Clock Enable       ; 0     ;
; Number of registers using Preset             ; 0     ;
+----------------------------------------------+-------+


+-------------------------------------------------------------------------------------------------------+
; Source assignments for table_99:table1|altsyncram:altsyncram_component|altsyncram_ht71:auto_generated ;
+---------------------------------+--------------------+------+-----------------------------------------+
; Assignment                      ; Value              ; From ; To                                      ;
+---------------------------------+--------------------+------+-----------------------------------------+
; OPTIMIZE_POWER_DURING_SYNTHESIS ; NORMAL_COMPILATION ; -    ; -                                       ;
+---------------------------------+--------------------+------+-----------------------------------------+


+-------------------------------------------------------------------------------------------------------+
; Source assignments for table_99:table2|altsyncram:altsyncram_component|altsyncram_ht71:auto_generated ;
+---------------------------------+--------------------+------+-----------------------------------------+
; Assignment                      ; Value              ; From ; To                                      ;
+---------------------------------+--------------------+------+-----------------------------------------+
; OPTIMIZE_POWER_DURING_SYNTHESIS ; NORMAL_COMPILATION ; -    ; -                                       ;
+---------------------------------+--------------------+------+-----------------------------------------+


+-------------------------------------------------------------------------------------------------------+
; Source assignments for table_99:table3|altsyncram:altsyncram_component|altsyncram_ht71:auto_generated ;
+---------------------------------+--------------------+------+-----------------------------------------+
; Assignment                      ; Value              ; From ; To                                      ;
+---------------------------------+--------------------+------+-----------------------------------------+
; OPTIMIZE_POWER_DURING_SYNTHESIS ; NORMAL_COMPILATION ; -    ; -                                       ;
+---------------------------------+--------------------+------+-----------------------------------------+


+----------------------------------------------------------------------------------------------+
; Parameter Settings for User Entity Instance: table_99:table1|altsyncram:altsyncram_component ;
+------------------------------------+-----------------------+---------------------------------+
; Parameter Name                     ; Value                 ; Type                            ;
+------------------------------------+-----------------------+---------------------------------+
; BYTE_SIZE_BLOCK                    ; 8                     ; Untyped                         ;
; AUTO_CARRY_CHAINS                  ; ON                    ; AUTO_CARRY                      ;
; IGNORE_CARRY_BUFFERS               ; OFF                   ; IGNORE_CARRY                    ;
; AUTO_CASCADE_CHAINS                ; ON                    ; AUTO_CASCADE                    ;
; IGNORE_CASCADE_BUFFERS             ; OFF                   ; IGNORE_CASCADE                  ;
; WIDTH_BYTEENA                      ; 1                     ; Untyped                         ;
; OPERATION_MODE                     ; ROM                   ; Untyped                         ;
; WIDTH_A                            ; 8                     ; Signed Integer                  ;
; WIDTHAD_A                          ; 7                     ; Signed Integer                  ;
; NUMWORDS_A                         ; 128                   ; Signed Integer                  ;
; OUTDATA_REG_A                      ; CLOCK0                ; Untyped                         ;
; ADDRESS_ACLR_A                     ; NONE                  ; Untyped                         ;
; OUTDATA_ACLR_A                     ; NONE                  ; Untyped                         ;
; WRCONTROL_ACLR_A                   ; NONE                  ; Untyped                         ;
; INDATA_ACLR_A                      ; NONE                  ; Untyped                         ;
; BYTEENA_ACLR_A                     ; NONE                  ; Untyped                         ;
; WIDTH_B                            ; 1                     ; Untyped                         ;
; WIDTHAD_B                          ; 1                     ; Untyped                         ;
; NUMWORDS_B                         ; 1                     ; Untyped                         ;
; INDATA_REG_B                       ; CLOCK1                ; Untyped                         ;
; WRCONTROL_WRADDRESS_REG_B          ; CLOCK1                ; Untyped                         ;
; RDCONTROL_REG_B                    ; CLOCK1                ; Untyped                         ;
; ADDRESS_REG_B                      ; CLOCK1                ; Untyped                         ;
; OUTDATA_REG_B                      ; UNREGISTERED          ; Untyped                         ;
; BYTEENA_REG_B                      ; CLOCK1                ; Untyped                         ;
; INDATA_ACLR_B                      ; NONE                  ; Untyped                         ;
; WRCONTROL_ACLR_B                   ; NONE                  ; Untyped                         ;
; ADDRESS_ACLR_B                     ; NONE                  ; Untyped                         ;
; OUTDATA_ACLR_B                     ; NONE                  ; Untyped                         ;
; RDCONTROL_ACLR_B                   ; NONE                  ; Untyped                         ;
; BYTEENA_ACLR_B                     ; NONE                  ; Untyped                         ;
; WIDTH_BYTEENA_A                    ; 1                     ; Signed Integer                  ;
; WIDTH_BYTEENA_B                    ; 1                     ; Untyped                         ;
; RAM_BLOCK_TYPE                     ; AUTO                  ; Untyped                         ;
; BYTE_SIZE                          ; 8                     ; Untyped                         ;
; READ_DURING_WRITE_MODE_MIXED_PORTS ; DONT_CARE             ; Untyped                         ;
; READ_DURING_WRITE_MODE_PORT_A      ; NEW_DATA_NO_NBE_READ  ; Untyped                         ;
; READ_DURING_WRITE_MODE_PORT_B      ; NEW_DATA_NO_NBE_READ  ; Untyped                         ;
; INIT_FILE                          ; ./src/ip/table_99.hex ; Untyped                         ;
; INIT_FILE_LAYOUT                   ; PORT_A                ; Untyped                         ;
; MAXIMUM_DEPTH                      ; 0                     ; Untyped                         ;
; CLOCK_ENABLE_INPUT_A               ; BYPASS                ; Untyped                         ;
; CLOCK_ENABLE_INPUT_B               ; NORMAL                ; Untyped                         ;
; CLOCK_ENABLE_OUTPUT_A              ; BYPASS                ; Untyped                         ;
; CLOCK_ENABLE_OUTPUT_B              ; NORMAL                ; Untyped                         ;
; CLOCK_ENABLE_CORE_A                ; USE_INPUT_CLKEN       ; Untyped                         ;
; CLOCK_ENABLE_CORE_B                ; USE_INPUT_CLKEN       ; Untyped                         ;
; ENABLE_ECC                         ; FALSE                 ; Untyped                         ;
; ECC_PIPELINE_STAGE_ENABLED         ; FALSE                 ; Untyped                         ;
; WIDTH_ECCSTATUS                    ; 3                     ; Untyped                         ;
; DEVICE_FAMILY                      ; Cyclone II            ; Untyped                         ;
; CBXI_PARAMETER                     ; altsyncram_ht71       ; Untyped                         ;
+------------------------------------+-----------------------+---------------------------------+
Note: In order to hide this table in the UI and the text report file, please set the "Show Parameter Settings in Synthesis Report" option in "Analysis and Synthesis Settings -> More Settings" to "Off".


+----------------------------------------------------------------------------------------------+
; Parameter Settings for User Entity Instance: table_99:table2|altsyncram:altsyncram_component ;
+------------------------------------+-----------------------+---------------------------------+
; Parameter Name                     ; Value                 ; Type                            ;
+------------------------------------+-----------------------+---------------------------------+
; BYTE_SIZE_BLOCK                    ; 8                     ; Untyped                         ;
; AUTO_CARRY_CHAINS                  ; ON                    ; AUTO_CARRY                      ;
; IGNORE_CARRY_BUFFERS               ; OFF                   ; IGNORE_CARRY                    ;
; AUTO_CASCADE_CHAINS                ; ON                    ; AUTO_CASCADE                    ;
; IGNORE_CASCADE_BUFFERS             ; OFF                   ; IGNORE_CASCADE                  ;
; WIDTH_BYTEENA                      ; 1                     ; Untyped                         ;
; OPERATION_MODE                     ; ROM                   ; Untyped                         ;
; WIDTH_A                            ; 8                     ; Signed Integer                  ;
; WIDTHAD_A                          ; 7                     ; Signed Integer                  ;
; NUMWORDS_A                         ; 128                   ; Signed Integer                  ;
; OUTDATA_REG_A                      ; CLOCK0                ; Untyped                         ;
; ADDRESS_ACLR_A                     ; NONE                  ; Untyped                         ;
; OUTDATA_ACLR_A                     ; NONE                  ; Untyped                         ;
; WRCONTROL_ACLR_A                   ; NONE                  ; Untyped                         ;
; INDATA_ACLR_A                      ; NONE                  ; Untyped                         ;
; BYTEENA_ACLR_A                     ; NONE                  ; Untyped                         ;
; WIDTH_B                            ; 1                     ; Untyped                         ;
; WIDTHAD_B                          ; 1                     ; Untyped                         ;
; NUMWORDS_B                         ; 1                     ; Untyped                         ;
; INDATA_REG_B                       ; CLOCK1                ; Untyped                         ;
; WRCONTROL_WRADDRESS_REG_B          ; CLOCK1                ; Untyped                         ;
; RDCONTROL_REG_B                    ; CLOCK1                ; Untyped                         ;
; ADDRESS_REG_B                      ; CLOCK1                ; Untyped                         ;
; OUTDATA_REG_B                      ; UNREGISTERED          ; Untyped                         ;
; BYTEENA_REG_B                      ; CLOCK1                ; Untyped                         ;
; INDATA_ACLR_B                      ; NONE                  ; Untyped                         ;
; WRCONTROL_ACLR_B                   ; NONE                  ; Untyped                         ;
; ADDRESS_ACLR_B                     ; NONE                  ; Untyped                         ;
; OUTDATA_ACLR_B                     ; NONE                  ; Untyped                         ;
; RDCONTROL_ACLR_B                   ; NONE                  ; Untyped                         ;
; BYTEENA_ACLR_B                     ; NONE                  ; Untyped                         ;
; WIDTH_BYTEENA_A                    ; 1                     ; Signed Integer                  ;
; WIDTH_BYTEENA_B                    ; 1                     ; Untyped                         ;
; RAM_BLOCK_TYPE                     ; AUTO                  ; Untyped                         ;
; BYTE_SIZE                          ; 8                     ; Untyped                         ;
; READ_DURING_WRITE_MODE_MIXED_PORTS ; DONT_CARE             ; Untyped                         ;
; READ_DURING_WRITE_MODE_PORT_A      ; NEW_DATA_NO_NBE_READ  ; Untyped                         ;
; READ_DURING_WRITE_MODE_PORT_B      ; NEW_DATA_NO_NBE_READ  ; Untyped                         ;
; INIT_FILE                          ; ./src/ip/table_99.hex ; Untyped                         ;
; INIT_FILE_LAYOUT                   ; PORT_A                ; Untyped                         ;
; MAXIMUM_DEPTH                      ; 0                     ; Untyped                         ;
; CLOCK_ENABLE_INPUT_A               ; BYPASS                ; Untyped                         ;
; CLOCK_ENABLE_INPUT_B               ; NORMAL                ; Untyped                         ;
; CLOCK_ENABLE_OUTPUT_A              ; BYPASS                ; Untyped                         ;
; CLOCK_ENABLE_OUTPUT_B              ; NORMAL                ; Untyped                         ;
; CLOCK_ENABLE_CORE_A                ; USE_INPUT_CLKEN       ; Untyped                         ;
; CLOCK_ENABLE_CORE_B                ; USE_INPUT_CLKEN       ; Untyped                         ;
; ENABLE_ECC                         ; FALSE                 ; Untyped                         ;
; ECC_PIPELINE_STAGE_ENABLED         ; FALSE                 ; Untyped                         ;
; WIDTH_ECCSTATUS                    ; 3                     ; Untyped                         ;
; DEVICE_FAMILY                      ; Cyclone II            ; Untyped                         ;
; CBXI_PARAMETER                     ; altsyncram_ht71       ; Untyped                         ;
+------------------------------------+-----------------------+---------------------------------+
Note: In order to hide this table in the UI and the text report file, please set the "Show Parameter Settings in Synthesis Report" option in "Analysis and Synthesis Settings -> More Settings" to "Off".


+--------------------------------------------------------------------------------------------------------------------+
; Parameter Settings for User Entity Instance: add_sub_clock:add_sub1|add:addsub_1|lpm_add_sub:LPM_ADD_SUB_component ;
+------------------------+-------------+-----------------------------------------------------------------------------+
; Parameter Name         ; Value       ; Type                                                                        ;
+------------------------+-------------+-----------------------------------------------------------------------------+
; LPM_WIDTH              ; 7           ; Signed Integer                                                              ;
; LPM_REPRESENTATION     ; UNSIGNED    ; Untyped                                                                     ;
; LPM_DIRECTION          ; DEFAULT     ; Untyped                                                                     ;
; ONE_INPUT_IS_CONSTANT  ; NO          ; Untyped                                                                     ;
; LPM_PIPELINE           ; 0           ; Untyped                                                                     ;
; MAXIMIZE_SPEED         ; 5           ; Untyped                                                                     ;
; REGISTERED_AT_END      ; 0           ; Untyped                                                                     ;
; OPTIMIZE_FOR_SPEED     ; 5           ; Untyped                                                                     ;
; USE_CS_BUFFERS         ; 1           ; Untyped                                                                     ;
; CARRY_CHAIN            ; MANUAL      ; Untyped                                                                     ;
; CARRY_CHAIN_LENGTH     ; 48          ; CARRY_CHAIN_LENGTH                                                          ;
; DEVICE_FAMILY          ; Cyclone II  ; Untyped                                                                     ;
; USE_WYS                ; OFF         ; Untyped                                                                     ;
; STYLE                  ; FAST        ; Untyped                                                                     ;
; CBXI_PARAMETER         ; add_sub_ueh ; Untyped                                                                     ;
; AUTO_CARRY_CHAINS      ; ON          ; AUTO_CARRY                                                                  ;
; IGNORE_CARRY_BUFFERS   ; OFF         ; IGNORE_CARRY                                                                ;
; AUTO_CASCADE_CHAINS    ; ON          ; AUTO_CASCADE                                                                ;
; IGNORE_CASCADE_BUFFERS ; OFF         ; IGNORE_CASCADE                                                              ;
+------------------------+-------------+-----------------------------------------------------------------------------+
Note: In order to hide this table in the UI and the text report file, please set the "Show Parameter Settings in Synthesis Report" option in "Analysis and Synthesis Settings -> More Settings" to "Off".


+----------------------------------------------------------------------------------------------+
; Parameter Settings for User Entity Instance: table_99:table3|altsyncram:altsyncram_component ;
+------------------------------------+-----------------------+---------------------------------+
; Parameter Name                     ; Value                 ; Type                            ;
+------------------------------------+-----------------------+---------------------------------+
; BYTE_SIZE_BLOCK                    ; 8                     ; Untyped                         ;
; AUTO_CARRY_CHAINS                  ; ON                    ; AUTO_CARRY                      ;
; IGNORE_CARRY_BUFFERS               ; OFF                   ; IGNORE_CARRY                    ;
; AUTO_CASCADE_CHAINS                ; ON                    ; AUTO_CASCADE                    ;
; IGNORE_CASCADE_BUFFERS             ; OFF                   ; IGNORE_CASCADE                  ;
; WIDTH_BYTEENA                      ; 1                     ; Untyped                         ;
; OPERATION_MODE                     ; ROM                   ; Untyped                         ;
; WIDTH_A                            ; 8                     ; Signed Integer                  ;
; WIDTHAD_A                          ; 7                     ; Signed Integer                  ;
; NUMWORDS_A                         ; 128                   ; Signed Integer                  ;
; OUTDATA_REG_A                      ; CLOCK0                ; Untyped                         ;
; ADDRESS_ACLR_A                     ; NONE                  ; Untyped                         ;
; OUTDATA_ACLR_A                     ; NONE                  ; Untyped                         ;
; WRCONTROL_ACLR_A                   ; NONE                  ; Untyped                         ;
; INDATA_ACLR_A                      ; NONE                  ; Untyped                         ;
; BYTEENA_ACLR_A                     ; NONE                  ; Untyped                         ;
; WIDTH_B                            ; 1                     ; Untyped                         ;
; WIDTHAD_B                          ; 1                     ; Untyped                         ;
; NUMWORDS_B                         ; 1                     ; Untyped                         ;
; INDATA_REG_B                       ; CLOCK1                ; Untyped                         ;
; WRCONTROL_WRADDRESS_REG_B          ; CLOCK1                ; Untyped                         ;
; RDCONTROL_REG_B                    ; CLOCK1                ; Untyped                         ;
; ADDRESS_REG_B                      ; CLOCK1                ; Untyped                         ;
; OUTDATA_REG_B                      ; UNREGISTERED          ; Untyped                         ;
; BYTEENA_REG_B                      ; CLOCK1                ; Untyped                         ;
; INDATA_ACLR_B                      ; NONE                  ; Untyped                         ;
; WRCONTROL_ACLR_B                   ; NONE                  ; Untyped                         ;
; ADDRESS_ACLR_B                     ; NONE                  ; Untyped                         ;
; OUTDATA_ACLR_B                     ; NONE                  ; Untyped                         ;
; RDCONTROL_ACLR_B                   ; NONE                  ; Untyped                         ;
; BYTEENA_ACLR_B                     ; NONE                  ; Untyped                         ;
; WIDTH_BYTEENA_A                    ; 1                     ; Signed Integer                  ;
; WIDTH_BYTEENA_B                    ; 1                     ; Untyped                         ;
; RAM_BLOCK_TYPE                     ; AUTO                  ; Untyped                         ;
; BYTE_SIZE                          ; 8                     ; Untyped                         ;
; READ_DURING_WRITE_MODE_MIXED_PORTS ; DONT_CARE             ; Untyped                         ;
; READ_DURING_WRITE_MODE_PORT_A      ; NEW_DATA_NO_NBE_READ  ; Untyped                         ;
; READ_DURING_WRITE_MODE_PORT_B      ; NEW_DATA_NO_NBE_READ  ; Untyped                         ;
; INIT_FILE                          ; ./src/ip/table_99.hex ; Untyped                         ;
; INIT_FILE_LAYOUT                   ; PORT_A                ; Untyped                         ;
; MAXIMUM_DEPTH                      ; 0                     ; Untyped                         ;
; CLOCK_ENABLE_INPUT_A               ; BYPASS                ; Untyped                         ;
; CLOCK_ENABLE_INPUT_B               ; NORMAL                ; Untyped                         ;
; CLOCK_ENABLE_OUTPUT_A              ; BYPASS                ; Untyped                         ;
; CLOCK_ENABLE_OUTPUT_B              ; NORMAL                ; Untyped                         ;
; CLOCK_ENABLE_CORE_A                ; USE_INPUT_CLKEN       ; Untyped                         ;
; CLOCK_ENABLE_CORE_B                ; USE_INPUT_CLKEN       ; Untyped                         ;
; ENABLE_ECC                         ; FALSE                 ; Untyped                         ;
; ECC_PIPELINE_STAGE_ENABLED         ; FALSE                 ; Untyped                         ;
; WIDTH_ECCSTATUS                    ; 3                     ; Untyped                         ;
; DEVICE_FAMILY                      ; Cyclone II            ; Untyped                         ;
; CBXI_PARAMETER                     ; altsyncram_ht71       ; Untyped                         ;
+------------------------------------+-----------------------+---------------------------------+
Note: In order to hide this table in the UI and the text report file, please set the "Show Parameter Settings in Synthesis Report" option in "Analysis and Synthesis Settings -> More Settings" to "Off".


+---------------------------------------------------------------------------------------------+
; altsyncram Parameter Settings by Entity Instance                                            ;
+-------------------------------------------+-------------------------------------------------+
; Name                                      ; Value                                           ;
+-------------------------------------------+-------------------------------------------------+
; Number of entity instances                ; 3                                               ;
; Entity Instance                           ; table_99:table1|altsyncram:altsyncram_component ;
;     -- OPERATION_MODE                     ; ROM                                             ;
;     -- WIDTH_A                            ; 8                                               ;
;     -- NUMWORDS_A                         ; 128                                             ;
;     -- OUTDATA_REG_A                      ; CLOCK0                                          ;
;     -- WIDTH_B                            ; 1                                               ;
;     -- NUMWORDS_B                         ; 1                                               ;
;     -- ADDRESS_REG_B                      ; CLOCK1                                          ;
;     -- OUTDATA_REG_B                      ; UNREGISTERED                                    ;
;     -- RAM_BLOCK_TYPE                     ; AUTO                                            ;
;     -- READ_DURING_WRITE_MODE_MIXED_PORTS ; DONT_CARE                                       ;
; Entity Instance                           ; table_99:table2|altsyncram:altsyncram_component ;
;     -- OPERATION_MODE                     ; ROM                                             ;
;     -- WIDTH_A                            ; 8                                               ;
;     -- NUMWORDS_A                         ; 128                                             ;
;     -- OUTDATA_REG_A                      ; CLOCK0                                          ;
;     -- WIDTH_B                            ; 1                                               ;
;     -- NUMWORDS_B                         ; 1                                               ;
;     -- ADDRESS_REG_B                      ; CLOCK1                                          ;
;     -- OUTDATA_REG_B                      ; UNREGISTERED                                    ;
;     -- RAM_BLOCK_TYPE                     ; AUTO                                            ;
;     -- READ_DURING_WRITE_MODE_MIXED_PORTS ; DONT_CARE                                       ;
; Entity Instance                           ; table_99:table3|altsyncram:altsyncram_component ;
;     -- OPERATION_MODE                     ; ROM                                             ;
;     -- WIDTH_A                            ; 8                                               ;
;     -- NUMWORDS_A                         ; 128                                             ;
;     -- OUTDATA_REG_A                      ; CLOCK0                                          ;
;     -- WIDTH_B                            ; 1                                               ;
;     -- NUMWORDS_B                         ; 1                                               ;
;     -- ADDRESS_REG_B                      ; CLOCK1                                          ;
;     -- OUTDATA_REG_B                      ; UNREGISTERED                                    ;
;     -- RAM_BLOCK_TYPE                     ; AUTO                                            ;
;     -- READ_DURING_WRITE_MODE_MIXED_PORTS ; DONT_CARE                                       ;
+-------------------------------------------+-------------------------------------------------+


+-------------------------------+
; Elapsed Time Per Partition    ;
+----------------+--------------+
; Partition Name ; Elapsed Time ;
+----------------+--------------+
; Top            ; 00:00:00     ;
+----------------+--------------+


+-------------------------------+
; Analysis & Synthesis Messages ;
+-------------------------------+
Info: *******************************************************************
Info: Running Quartus II 64-Bit Analysis & Synthesis
    Info: Version 13.0.1 Build 232 06/12/2013 Service Pack 1 SJ Web Edition
    Info: Processing started: Fri Dec 04 19:30:21 2020
Info: Command: quartus_map --read_settings_files=on --write_settings_files=off lr3 -c lr3
Warning (20028): Parallel compilation is not licensed and has been disabled
Info (12021): Found 2 design units, including 1 entities, in source file src/decoder.vhd
    Info (12022): Found design unit 1: decoder-behavioral
    Info (12023): Found entity 1: decoder
Info (12021): Found 2 design units, including 1 entities, in source file src/count.vhd
    Info (12022): Found design unit 1: count-behavioral
    Info (12023): Found entity 1: count
Info (12021): Found 2 design units, including 1 entities, in source file src/calc.vhd
    Info (12022): Found design unit 1: calc-behavioral
    Info (12023): Found entity 1: calc
Info (12021): Found 2 design units, including 1 entities, in source file src/add_sub_clock.vhd
    Info (12022): Found design unit 1: add_sub_clock-behavioral
    Info (12023): Found entity 1: add_sub_clock
Info (12021): Found 2 design units, including 1 entities, in source file src/ip/add.vhd
    Info (12022): Found design unit 1: add-SYN
    Info (12023): Found entity 1: add
Info (12021): Found 2 design units, including 1 entities, in source file src/ip/table_99.vhd
    Info (12022): Found design unit 1: table_99-SYN
    Info (12023): Found entity 1: table_99
Info (12127): Elaborating entity "calc" for the top level hierarchy
Warning (10873): Using initial value X (don't care) for net "ledg[7]" at calc.vhd(9)
Info (12128): Elaborating entity "count" for hierarchy "count:count1"
Info (12128): Elaborating entity "table_99" for hierarchy "table_99:table1"
Info (12128): Elaborating entity "altsyncram" for hierarchy "table_99:table1|altsyncram:altsyncram_component"
Info (12130): Elaborated megafunction instantiation "table_99:table1|altsyncram:altsyncram_component"
Info (12133): Instantiated megafunction "table_99:table1|altsyncram:altsyncram_component" with the following parameter:
    Info (12134): Parameter "clock_enable_input_a" = "BYPASS"
    Info (12134): Parameter "clock_enable_output_a" = "BYPASS"
    Info (12134): Parameter "init_file" = "./src/ip/table_99.hex"
    Info (12134): Parameter "intended_device_family" = "Cyclone II"
    Info (12134): Parameter "lpm_hint" = "ENABLE_RUNTIME_MOD=NO"
    Info (12134): Parameter "lpm_type" = "altsyncram"
    Info (12134): Parameter "numwords_a" = "128"
    Info (12134): Parameter "operation_mode" = "ROM"
    Info (12134): Parameter "outdata_aclr_a" = "NONE"
    Info (12134): Parameter "outdata_reg_a" = "CLOCK0"
    Info (12134): Parameter "widthad_a" = "7"
    Info (12134): Parameter "width_a" = "8"
    Info (12134): Parameter "width_byteena_a" = "1"
Info (12021): Found 1 design units, including 1 entities, in source file db/altsyncram_ht71.tdf
    Info (12023): Found entity 1: altsyncram_ht71
Info (12128): Elaborating entity "altsyncram_ht71" for hierarchy "table_99:table1|altsyncram:altsyncram_component|altsyncram_ht71:auto_generated"
Info (12128): Elaborating entity "decoder" for hierarchy "decoder:decoder1_1"
Info (12128): Elaborating entity "add_sub_clock" for hierarchy "add_sub_clock:add_sub1"
Info (12128): Elaborating entity "add" for hierarchy "add_sub_clock:add_sub1|add:addsub_1"
Info (12128): Elaborating entity "lpm_add_sub" for hierarchy "add_sub_clock:add_sub1|add:addsub_1|lpm_add_sub:LPM_ADD_SUB_component"
Info (12130): Elaborated megafunction instantiation "add_sub_clock:add_sub1|add:addsub_1|lpm_add_sub:LPM_ADD_SUB_component"
Info (12133): Instantiated megafunction "add_sub_clock:add_sub1|add:addsub_1|lpm_add_sub:LPM_ADD_SUB_component" with the following parameter:
    Info (12134): Parameter "lpm_direction" = "UNUSED"
    Info (12134): Parameter "lpm_hint" = "ONE_INPUT_IS_CONSTANT=NO,CIN_USED=NO"
    Info (12134): Parameter "lpm_representation" = "UNSIGNED"
    Info (12134): Parameter "lpm_type" = "LPM_ADD_SUB"
    Info (12134): Parameter "lpm_width" = "7"
Info (12021): Found 1 design units, including 1 entities, in source file db/add_sub_ueh.tdf
    Info (12023): Found entity 1: add_sub_ueh
Info (12128): Elaborating entity "add_sub_ueh" for hierarchy "add_sub_clock:add_sub1|add:addsub_1|lpm_add_sub:LPM_ADD_SUB_component|add_sub_ueh:auto_generated"
Warning (13024): Output pins are stuck at VCC or GND
    Warning (13410): Pin "ledg[7]" is stuck at GND
Info (16010): Generating hard_block partition "hard_block:auto_generated_inst"
    Info (16011): Adding 0 node(s), including 0 DDIO, 0 PLL, 0 transceiver and 0 LCELL
Warning (21074): Design contains 1 input pin(s) that do not drive logic
    Warning (15610): No output dependent on input pin "sw[1]"
Info (21057): Implemented 181 device resources after synthesis - the final resource count might be different
    Info (21058): Implemented 6 input pins
    Info (21059): Implemented 44 output pins
    Info (21061): Implemented 107 logic cells
    Info (21064): Implemented 24 RAM segments
Info: Quartus II 64-Bit Analysis & Synthesis was successful. 0 errors, 6 warnings
    Info: Peak virtual memory: 4650 megabytes
    Info: Processing ended: Fri Dec 04 19:30:23 2020
    Info: Elapsed time: 00:00:02
    Info: Total CPU time (on all processors): 00:00:02


