Flow report for lr3
Fri Dec 04 19:30:37 2020
Quartus II 64-Bit Version 13.0.1 Build 232 06/12/2013 Service Pack 1 SJ Web Edition


---------------------
; Table of Contents ;
---------------------
  1. Legal Notice
  2. Flow Summary
  3. Flow Settings
  4. Flow Non-Default Global Settings
  5. Flow Elapsed Time
  6. Flow OS Summary
  7. Flow Log
  8. Flow Messages
  9. Flow Suppressed Messages



----------------
; Legal Notice ;
----------------
Copyright (C) 1991-2013 Altera Corporation
Your use of Altera Corporation's design tools, logic functions 
and other software and tools, and its AMPP partner logic 
functions, and any output files from any of the foregoing 
(including device programming or simulation files), and any 
associated documentation or information are expressly subject 
to the terms and conditions of the Altera Program License 
Subscription Agreement, Altera MegaCore Function License 
Agreement, or other applicable license agreement, including, 
without limitation, that your use is for the sole purpose of 
programming logic devices manufactured by Altera and sold by 
Altera or its authorized distributors.  Please refer to the 
applicable agreement for further details.



+--------------------------------------------------------------------------------------+
; Flow Summary                                                                         ;
+------------------------------------+-------------------------------------------------+
; Flow Status                        ; Successful - Fri Dec 04 19:30:37 2020           ;
; Quartus II 64-Bit Version          ; 13.0.1 Build 232 06/12/2013 SP 1 SJ Web Edition ;
; Revision Name                      ; lr3                                             ;
; Top-level Entity Name              ; calc                                            ;
; Family                             ; Cyclone II                                      ;
; Device                             ; EP2C35F672C6                                    ;
; Timing Models                      ; Final                                           ;
; Total logic elements               ; 93 / 33,216 ( < 1 % )                           ;
;     Total combinational functions  ; 92 / 33,216 ( < 1 % )                           ;
;     Dedicated logic registers      ; 79 / 33,216 ( < 1 % )                           ;
; Total registers                    ; 79                                              ;
; Total pins                         ; 50 / 475 ( 11 % )                               ;
; Total virtual pins                 ; 0                                               ;
; Total memory bits                  ; 3,072 / 483,840 ( < 1 % )                       ;
; Embedded Multiplier 9-bit elements ; 0 / 70 ( 0 % )                                  ;
; Total PLLs                         ; 0 / 4 ( 0 % )                                   ;
+------------------------------------+-------------------------------------------------+


+-----------------------------------------+
; Flow Settings                           ;
+-------------------+---------------------+
; Option            ; Setting             ;
+-------------------+---------------------+
; Start date & time ; 12/04/2020 19:30:21 ;
; Main task         ; Compilation         ;
; Revision Name     ; lr3                 ;
+-------------------+---------------------+


+-----------------------------------------------------------------------------------------------------------------------------------+
; Flow Non-Default Global Settings                                                                                                  ;
+---------------------------------------------------+--------------------------------+---------------+-------------+----------------+
; Assignment Name                                   ; Value                          ; Default Value ; Entity Name ; Section Id     ;
+---------------------------------------------------+--------------------------------+---------------+-------------+----------------+
; COMPILER_SIGNATURE_ID                             ; 62488682138860.160709942113196 ; --            ; --          ; --             ;
; EDA_DESIGN_INSTANCE_NAME                          ; NA                             ; --            ; --          ; calc_tb        ;
; EDA_EXTRA_ELAB_OPTION                             ; ""                             ; --            ; --          ; eda_simulation ;
; EDA_GENERATE_GATE_LEVEL_SIMULATION_COMMAND_SCRIPT ; Off                            ; --            ; --          ; eda_simulation ;
; EDA_MAINTAIN_DESIGN_HIERARCHY                     ; Off                            ; --            ; --          ; eda_simulation ;
; EDA_NATIVELINK_SIMULATION_TEST_BENCH              ; calc_tb                        ; --            ; --          ; eda_simulation ;
; EDA_OUTPUT_DATA_FORMAT                            ; Vhdl                           ; --            ; --          ; eda_simulation ;
; EDA_SIMULATION_TOOL                               ; Active-HDL (VHDL)              ; <None>        ; --          ; --             ;
; EDA_TEST_BENCH_ENABLE_STATUS                      ; TEST_BENCH_MODE                ; --            ; --          ; eda_simulation ;
; EDA_TEST_BENCH_FILE                               ; tb/calc_tb.vhd                 ; --            ; --          ; calc_tb        ;
; EDA_TEST_BENCH_MODULE_NAME                        ; calc_tb                        ; --            ; --          ; calc_tb        ;
; EDA_TEST_BENCH_NAME                               ; calc_tb                        ; --            ; --          ; eda_simulation ;
; EDA_TIME_SCALE                                    ; 1 ps                           ; --            ; --          ; eda_simulation ;
; IP_TOOL_NAME                                      ; LPM_ADD_SUB                    ; --            ; --          ; --             ;
; IP_TOOL_NAME                                      ; ROM: 1-PORT                    ; --            ; --          ; --             ;
; IP_TOOL_VERSION                                   ; 13.0                           ; --            ; --          ; --             ;
; IP_TOOL_VERSION                                   ; 13.0                           ; --            ; --          ; --             ;
; MAX_CORE_JUNCTION_TEMP                            ; 85                             ; --            ; --          ; --             ;
; MIN_CORE_JUNCTION_TEMP                            ; 0                              ; --            ; --          ; --             ;
; MISC_FILE                                         ; src/ip/add.cmp                 ; --            ; --          ; --             ;
; MISC_FILE                                         ; src/ip/table_99.cmp            ; --            ; --          ; --             ;
; PARTITION_COLOR                                   ; 16764057                       ; --            ; calc        ; Top            ;
; PARTITION_FITTER_PRESERVATION_LEVEL               ; PLACEMENT_AND_ROUTING          ; --            ; calc        ; Top            ;
; PARTITION_NETLIST_TYPE                            ; SOURCE                         ; --            ; calc        ; Top            ;
; PROJECT_OUTPUT_DIRECTORY                          ; output_files                   ; --            ; --          ; --             ;
; TOP_LEVEL_ENTITY                                  ; calc                           ; lr3           ; --          ; --             ;
; VHDL_INPUT_VERSION                                ; VHDL_2008                      ; VHDL_1993     ; --          ; --             ;
; VHDL_SHOW_LMF_MAPPING_MESSAGES                    ; Off                            ; --            ; --          ; --             ;
+---------------------------------------------------+--------------------------------+---------------+-------------+----------------+


+-------------------------------------------------------------------------------------------------------------------------------+
; Flow Elapsed Time                                                                                                             ;
+---------------------------+--------------+-------------------------+---------------------+------------------------------------+
; Module Name               ; Elapsed Time ; Average Processors Used ; Peak Virtual Memory ; Total CPU Time (on all processors) ;
+---------------------------+--------------+-------------------------+---------------------+------------------------------------+
; Analysis & Synthesis      ; 00:00:02     ; 1.0                     ; 4646 MB             ; 00:00:02                           ;
; Fitter                    ; 00:00:06     ; 1.0                     ; 4871 MB             ; 00:00:06                           ;
; Assembler                 ; 00:00:02     ; 1.0                     ; 4559 MB             ; 00:00:02                           ;
; TimeQuest Timing Analyzer ; 00:00:01     ; 1.0                     ; 4539 MB             ; 00:00:01                           ;
; EDA Netlist Writer        ; 00:00:01     ; 1.0                     ; 4507 MB             ; 00:00:01                           ;
; Total                     ; 00:00:12     ; --                      ; --                  ; 00:00:12                           ;
+---------------------------+--------------+-------------------------+---------------------+------------------------------------+


+----------------------------------------------------------------------------------------+
; Flow OS Summary                                                                        ;
+---------------------------+------------------+-----------+------------+----------------+
; Module Name               ; Machine Hostname ; OS Name   ; OS Version ; Processor type ;
+---------------------------+------------------+-----------+------------+----------------+
; Analysis & Synthesis      ; ARTEM            ; Windows 7 ; 6.2        ; x86_64         ;
; Fitter                    ; ARTEM            ; Windows 7 ; 6.2        ; x86_64         ;
; Assembler                 ; ARTEM            ; Windows 7 ; 6.2        ; x86_64         ;
; TimeQuest Timing Analyzer ; ARTEM            ; Windows 7 ; 6.2        ; x86_64         ;
; EDA Netlist Writer        ; ARTEM            ; Windows 7 ; 6.2        ; x86_64         ;
+---------------------------+------------------+-----------+------------+----------------+


------------
; Flow Log ;
------------
quartus_map --read_settings_files=on --write_settings_files=off lr3 -c lr3
quartus_fit --read_settings_files=off --write_settings_files=off lr3 -c lr3
quartus_asm --read_settings_files=off --write_settings_files=off lr3 -c lr3
quartus_sta lr3 -c lr3
quartus_eda --read_settings_files=off --write_settings_files=off lr3 -c lr3



