Active-HDL 11.1.262.7351 2021-10-23 13:13:20

Elaboration top modules:
Architecture                  tb(sum_top_tb)


-------------------------------------------------------------------------------------------
Entity     | Architecture | Library | Info | Compiler Version        | Compilation Options
-------------------------------------------------------------------------------------------
sum_top_tb | tb           | sum_top |      | 11.1.262.7351 (Windows) | -O3 -2008
sum_top    | rtl          | sum_top |      | 11.1.262.7351 (Windows) | -O3 -2008
sum        | rtl          | sum_top |      | 11.1.262.7351 (Windows) | -O3 -2008
-------------------------------------------------------------------------------------------

-------------------------------------------------------------------------------------------
VHDL Package              | Library | Info | Compiler Version        | Compilation Options
-------------------------------------------------------------------------------------------
standard                  | std     |      |                         | <unavailable>
TEXTIO                    | std     |      |                         | <unavailable>
std_logic_1164            | ieee    |      |                         | <unavailable>
NUMERIC_STD               | ieee    |      |                         | <unavailable>
ENV                       | std     |      |                         | <unavailable>
-------------------------------------------------------------------------------------------

-------------------------------------------------------------------------------------------
Library                   | Comment
-------------------------------------------------------------------------------------------
ieee                      | Standard IEEE packages library
std                       | Standard VHDL library
sum_top                   | None
-------------------------------------------------------------------------------------------
